2024-11-12 00:02:02 [scrapy.utils.log] INFO: Scrapy 2.11.2 started (bot: DataSource)
2024-11-12 00:02:02 [scrapy.utils.log] INFO: Versions: lxml 5.3.0.0, libxml2 2.12.9, cssselect 1.2.0, parsel 1.9.1, w3lib 2.2.1, Twisted 24.10.0, Python 3.9.6 (default, Oct  4 2024, 08:01:31) - [Clang 16.0.0 (clang-1600.0.26.4)], pyOpenSSL 24.2.1 (OpenSSL 3.3.2 3 Sep 2024), cryptography 43.0.3, Platform macOS-15.0.1-arm64-arm-64bit
2024-11-12 00:02:02 [scrapy.addons] INFO: Enabled addons:
[]
2024-11-12 00:02:02 [scrapy.extensions.telnet] INFO: Telnet Password: a5eaaf4134b2cc9e
2024-11-12 00:02:02 [scrapy.middleware] INFO: Enabled extensions:
['scrapy.extensions.corestats.CoreStats',
 'scrapy.extensions.telnet.TelnetConsole',
 'scrapy.extensions.memusage.MemoryUsage',
 'scrapy.extensions.logstats.LogStats']
2024-11-12 00:02:02 [scrapy.crawler] INFO: Overridden settings:
{'BOT_NAME': 'DataSource',
 'CONCURRENT_REQUESTS': 32,
 'DOWNLOAD_DELAY': 0.5,
 'FEED_EXPORT_ENCODING': 'utf-8',
 'LOG_FILE': 'logs/2024-11-12 00:02:02.log',
 'LOG_LEVEL': 20,
 'NEWSPIDER_MODULE': 'DataSource.spiders',
 'REQUEST_FINGERPRINTER_IMPLEMENTATION': '2.7',
 'SPIDER_MODULES': ['DataSource.spiders'],
 'TWISTED_REACTOR': 'twisted.internet.asyncioreactor.AsyncioSelectorReactor'}
2024-11-12 00:02:02 [scrapy.middleware] INFO: Enabled downloader middlewares:
['scrapy.downloadermiddlewares.offsite.OffsiteMiddleware',
 'scrapy.downloadermiddlewares.httpauth.HttpAuthMiddleware',
 'scrapy.downloadermiddlewares.downloadtimeout.DownloadTimeoutMiddleware',
 'scrapy.downloadermiddlewares.defaultheaders.DefaultHeadersMiddleware',
 'scrapy.downloadermiddlewares.useragent.UserAgentMiddleware',
 'scrapy.downloadermiddlewares.retry.RetryMiddleware',
 'scrapy.downloadermiddlewares.redirect.MetaRefreshMiddleware',
 'scrapy.downloadermiddlewares.httpcompression.HttpCompressionMiddleware',
 'scrapy.downloadermiddlewares.redirect.RedirectMiddleware',
 'scrapy.downloadermiddlewares.cookies.CookiesMiddleware',
 'scrapy.downloadermiddlewares.httpproxy.HttpProxyMiddleware',
 'scrapy.downloadermiddlewares.stats.DownloaderStats']
2024-11-12 00:02:02 [scrapy.middleware] INFO: Enabled spider middlewares:
['scrapy.spidermiddlewares.httperror.HttpErrorMiddleware',
 'scrapy.spidermiddlewares.referer.RefererMiddleware',
 'scrapy.spidermiddlewares.urllength.UrlLengthMiddleware',
 'scrapy.spidermiddlewares.depth.DepthMiddleware']
2024-11-12 00:02:03 [scrapy.middleware] INFO: Enabled item pipelines:
['DataSource.pipelines.DatasourcePipeline']
2024-11-12 00:02:03 [scrapy.core.engine] INFO: Spider opened
2024-11-12 00:02:03 [scrapy.extensions.logstats] INFO: Crawled 0 pages (at 0 pages/min), scraped 0 items (at 0 items/min)
2024-11-12 00:02:03 [scrapy.extensions.telnet] INFO: Telnet console listening on 127.0.0.1:6023
2024-11-12 00:03:03 [scrapy.extensions.logstats] INFO: Crawled 97 pages (at 97 pages/min), scraped 25 items (at 25 items/min)
2024-11-12 00:04:03 [scrapy.extensions.logstats] INFO: Crawled 195 pages (at 98 pages/min), scraped 123 items (at 98 items/min)
2024-11-12 00:05:03 [scrapy.extensions.logstats] INFO: Crawled 292 pages (at 97 pages/min), scraped 219 items (at 96 items/min)
2024-11-12 00:06:03 [scrapy.extensions.logstats] INFO: Crawled 391 pages (at 99 pages/min), scraped 316 items (at 97 items/min)
2024-11-12 00:07:03 [scrapy.extensions.logstats] INFO: Crawled 491 pages (at 100 pages/min), scraped 411 items (at 95 items/min)
2024-11-12 00:08:03 [scrapy.extensions.logstats] INFO: Crawled 594 pages (at 103 pages/min), scraped 511 items (at 100 items/min)
2024-11-12 00:08:32 [scrapy.spidermiddlewares.httperror] INFO: Ignoring response <520 https://api.flightradar24.com/common/v1/flight-playback.json?flightId=37ee0778&timestamp=&token=&pk=>: HTTP status code is not handled or not allowed
2024-11-12 00:09:03 [scrapy.extensions.logstats] INFO: Crawled 692 pages (at 98 pages/min), scraped 606 items (at 95 items/min)
2024-11-12 00:10:03 [scrapy.extensions.logstats] INFO: Crawled 788 pages (at 96 pages/min), scraped 701 items (at 95 items/min)
2024-11-12 00:11:03 [scrapy.extensions.logstats] INFO: Crawled 885 pages (at 97 pages/min), scraped 797 items (at 96 items/min)
2024-11-12 00:12:03 [scrapy.extensions.logstats] INFO: Crawled 984 pages (at 99 pages/min), scraped 894 items (at 97 items/min)
2024-11-12 00:13:03 [scrapy.extensions.logstats] INFO: Crawled 1082 pages (at 98 pages/min), scraped 993 items (at 99 items/min)
2024-11-12 00:14:03 [scrapy.extensions.logstats] INFO: Crawled 1181 pages (at 99 pages/min), scraped 1085 items (at 92 items/min)
2024-11-12 00:15:03 [scrapy.extensions.logstats] INFO: Crawled 1278 pages (at 97 pages/min), scraped 1180 items (at 95 items/min)
2024-11-12 00:16:03 [scrapy.extensions.logstats] INFO: Crawled 1373 pages (at 95 pages/min), scraped 1275 items (at 95 items/min)
2024-11-12 00:16:06 [scrapy.spidermiddlewares.httperror] INFO: Ignoring response <520 https://api.flightradar24.com/common/v1/flight-playback.json?flightId=37ee7698&timestamp=&token=&pk=>: HTTP status code is not handled or not allowed
2024-11-12 00:17:03 [scrapy.extensions.logstats] INFO: Crawled 1472 pages (at 99 pages/min), scraped 1373 items (at 98 items/min)
2024-11-12 00:18:03 [scrapy.extensions.logstats] INFO: Crawled 1569 pages (at 97 pages/min), scraped 1465 items (at 92 items/min)
2024-11-12 00:19:03 [scrapy.extensions.logstats] INFO: Crawled 1667 pages (at 98 pages/min), scraped 1558 items (at 93 items/min)
2024-11-12 00:20:03 [scrapy.extensions.logstats] INFO: Crawled 1766 pages (at 99 pages/min), scraped 1658 items (at 100 items/min)
2024-11-12 00:21:03 [scrapy.extensions.logstats] INFO: Crawled 1867 pages (at 101 pages/min), scraped 1726 items (at 68 items/min)
2024-11-12 00:21:07 [scrapy.spidermiddlewares.httperror] INFO: Ignoring response <520 https://api.flightradar24.com/common/v1/flight-playback.json?flightId=37ec96ea&timestamp=&token=&pk=>: HTTP status code is not handled or not allowed
2024-11-12 00:22:03 [scrapy.extensions.logstats] INFO: Crawled 1967 pages (at 100 pages/min), scraped 1822 items (at 96 items/min)
2024-11-12 00:23:03 [scrapy.extensions.logstats] INFO: Crawled 2066 pages (at 99 pages/min), scraped 1922 items (at 100 items/min)
2024-11-12 00:24:03 [scrapy.extensions.logstats] INFO: Crawled 2165 pages (at 99 pages/min), scraped 2021 items (at 99 items/min)
2024-11-12 00:25:03 [scrapy.extensions.logstats] INFO: Crawled 2265 pages (at 100 pages/min), scraped 2121 items (at 100 items/min)
2024-11-12 00:26:03 [scrapy.extensions.logstats] INFO: Crawled 2367 pages (at 102 pages/min), scraped 2219 items (at 98 items/min)
2024-11-12 00:27:03 [scrapy.extensions.logstats] INFO: Crawled 2462 pages (at 95 pages/min), scraped 2314 items (at 95 items/min)
2024-11-12 00:28:03 [scrapy.extensions.logstats] INFO: Crawled 2560 pages (at 98 pages/min), scraped 2412 items (at 98 items/min)
2024-11-12 00:29:03 [scrapy.extensions.logstats] INFO: Crawled 2659 pages (at 99 pages/min), scraped 2509 items (at 97 items/min)
2024-11-12 00:30:03 [scrapy.extensions.logstats] INFO: Crawled 2757 pages (at 98 pages/min), scraped 2607 items (at 98 items/min)
2024-11-12 00:31:03 [scrapy.extensions.logstats] INFO: Crawled 2857 pages (at 100 pages/min), scraped 2706 items (at 99 items/min)
2024-11-12 00:32:03 [scrapy.extensions.logstats] INFO: Crawled 2956 pages (at 99 pages/min), scraped 2801 items (at 95 items/min)
2024-11-12 00:33:03 [scrapy.extensions.logstats] INFO: Crawled 3053 pages (at 97 pages/min), scraped 2897 items (at 96 items/min)
2024-11-12 00:34:03 [scrapy.extensions.logstats] INFO: Crawled 3151 pages (at 98 pages/min), scraped 2995 items (at 98 items/min)
2024-11-12 00:35:03 [scrapy.extensions.logstats] INFO: Crawled 3248 pages (at 97 pages/min), scraped 3087 items (at 92 items/min)
2024-11-12 00:36:03 [scrapy.extensions.logstats] INFO: Crawled 3347 pages (at 99 pages/min), scraped 3184 items (at 97 items/min)
2024-11-12 00:37:03 [scrapy.extensions.logstats] INFO: Crawled 3445 pages (at 98 pages/min), scraped 3281 items (at 97 items/min)
2024-11-12 00:38:03 [scrapy.extensions.logstats] INFO: Crawled 3540 pages (at 95 pages/min), scraped 3376 items (at 95 items/min)
2024-11-12 00:39:03 [scrapy.extensions.logstats] INFO: Crawled 3640 pages (at 100 pages/min), scraped 3476 items (at 100 items/min)
2024-11-12 00:40:03 [scrapy.extensions.logstats] INFO: Crawled 3739 pages (at 99 pages/min), scraped 3574 items (at 98 items/min)
2024-11-12 00:40:16 [scrapy.spidermiddlewares.httperror] INFO: Ignoring response <520 https://api.flightradar24.com/common/v1/flight-playback.json?flightId=37ef8196&timestamp=&token=&pk=>: HTTP status code is not handled or not allowed
2024-11-12 00:41:03 [scrapy.extensions.logstats] INFO: Crawled 3840 pages (at 101 pages/min), scraped 3670 items (at 96 items/min)
2024-11-12 00:42:03 [scrapy.extensions.logstats] INFO: Crawled 3938 pages (at 98 pages/min), scraped 3767 items (at 97 items/min)
2024-11-12 00:43:03 [scrapy.extensions.logstats] INFO: Crawled 4034 pages (at 96 pages/min), scraped 3861 items (at 94 items/min)
2024-11-12 00:44:03 [scrapy.extensions.logstats] INFO: Crawled 4135 pages (at 101 pages/min), scraped 3959 items (at 98 items/min)
2024-11-12 00:45:03 [scrapy.extensions.logstats] INFO: Crawled 4233 pages (at 98 pages/min), scraped 4057 items (at 98 items/min)
2024-11-12 00:45:25 [scrapy.spidermiddlewares.httperror] INFO: Ignoring response <520 https://api.flightradar24.com/common/v1/flight-playback.json?flightId=37ef7402&timestamp=&token=&pk=>: HTTP status code is not handled or not allowed
2024-11-12 00:46:03 [scrapy.extensions.logstats] INFO: Crawled 4331 pages (at 98 pages/min), scraped 4146 items (at 89 items/min)
2024-11-12 00:47:03 [scrapy.extensions.logstats] INFO: Crawled 4431 pages (at 100 pages/min), scraped 4243 items (at 97 items/min)
2024-11-12 00:48:03 [scrapy.extensions.logstats] INFO: Crawled 4529 pages (at 98 pages/min), scraped 4338 items (at 95 items/min)
2024-11-12 00:49:03 [scrapy.extensions.logstats] INFO: Crawled 4626 pages (at 97 pages/min), scraped 4434 items (at 96 items/min)
2024-11-12 00:50:03 [scrapy.extensions.logstats] INFO: Crawled 4723 pages (at 97 pages/min), scraped 4498 items (at 64 items/min)
2024-11-12 00:51:03 [scrapy.extensions.logstats] INFO: Crawled 4822 pages (at 99 pages/min), scraped 4595 items (at 97 items/min)
2024-11-12 00:52:03 [scrapy.extensions.logstats] INFO: Crawled 4921 pages (at 99 pages/min), scraped 4692 items (at 97 items/min)
2024-11-12 00:53:03 [scrapy.extensions.logstats] INFO: Crawled 5018 pages (at 97 pages/min), scraped 4790 items (at 98 items/min)
2024-11-12 00:54:03 [scrapy.extensions.logstats] INFO: Crawled 5114 pages (at 96 pages/min), scraped 4884 items (at 94 items/min)
2024-11-12 00:55:03 [scrapy.extensions.logstats] INFO: Crawled 5212 pages (at 98 pages/min), scraped 4980 items (at 96 items/min)
2024-11-12 00:56:03 [scrapy.extensions.logstats] INFO: Crawled 5306 pages (at 94 pages/min), scraped 5074 items (at 94 items/min)
2024-11-12 00:57:03 [scrapy.extensions.logstats] INFO: Crawled 5406 pages (at 100 pages/min), scraped 5169 items (at 95 items/min)
2024-11-12 00:58:03 [scrapy.extensions.logstats] INFO: Crawled 5507 pages (at 101 pages/min), scraped 5269 items (at 100 items/min)
2024-11-12 00:59:03 [scrapy.extensions.logstats] INFO: Crawled 5605 pages (at 98 pages/min), scraped 5366 items (at 97 items/min)
2024-11-12 01:00:03 [scrapy.extensions.logstats] INFO: Crawled 5706 pages (at 101 pages/min), scraped 5468 items (at 102 items/min)
2024-11-12 01:01:03 [scrapy.extensions.logstats] INFO: Crawled 5806 pages (at 100 pages/min), scraped 5566 items (at 98 items/min)
2024-11-12 01:02:03 [scrapy.extensions.logstats] INFO: Crawled 5905 pages (at 99 pages/min), scraped 5665 items (at 99 items/min)
2024-11-12 01:03:03 [scrapy.extensions.logstats] INFO: Crawled 6004 pages (at 99 pages/min), scraped 5764 items (at 99 items/min)
2024-11-12 01:04:03 [scrapy.extensions.logstats] INFO: Crawled 6100 pages (at 96 pages/min), scraped 5859 items (at 95 items/min)
2024-11-12 01:05:03 [scrapy.extensions.logstats] INFO: Crawled 6200 pages (at 100 pages/min), scraped 5959 items (at 100 items/min)
2024-11-12 01:06:03 [scrapy.extensions.logstats] INFO: Crawled 6295 pages (at 95 pages/min), scraped 6053 items (at 94 items/min)
2024-11-12 01:07:03 [scrapy.extensions.logstats] INFO: Crawled 6393 pages (at 98 pages/min), scraped 6147 items (at 94 items/min)
2024-11-12 01:08:03 [scrapy.extensions.logstats] INFO: Crawled 6490 pages (at 97 pages/min), scraped 6245 items (at 98 items/min)
2024-11-12 01:09:03 [scrapy.extensions.logstats] INFO: Crawled 6589 pages (at 99 pages/min), scraped 6344 items (at 99 items/min)
2024-11-12 01:10:03 [scrapy.extensions.logstats] INFO: Crawled 6688 pages (at 99 pages/min), scraped 6442 items (at 98 items/min)
2024-11-12 01:11:03 [scrapy.extensions.logstats] INFO: Crawled 6787 pages (at 99 pages/min), scraped 6539 items (at 97 items/min)
2024-11-12 01:12:03 [scrapy.extensions.logstats] INFO: Crawled 6882 pages (at 95 pages/min), scraped 6635 items (at 96 items/min)
2024-11-12 01:13:03 [scrapy.extensions.logstats] INFO: Crawled 6979 pages (at 97 pages/min), scraped 6730 items (at 95 items/min)
2024-11-12 01:14:03 [scrapy.extensions.logstats] INFO: Crawled 7077 pages (at 98 pages/min), scraped 6828 items (at 98 items/min)
2024-11-12 01:15:03 [scrapy.extensions.logstats] INFO: Crawled 7177 pages (at 100 pages/min), scraped 6925 items (at 97 items/min)
2024-11-12 01:16:03 [scrapy.extensions.logstats] INFO: Crawled 7275 pages (at 98 pages/min), scraped 7023 items (at 98 items/min)
2024-11-12 01:17:03 [scrapy.extensions.logstats] INFO: Crawled 7376 pages (at 101 pages/min), scraped 7124 items (at 101 items/min)
2024-11-12 01:18:03 [scrapy.extensions.logstats] INFO: Crawled 7476 pages (at 100 pages/min), scraped 7173 items (at 49 items/min)
2024-11-12 01:19:03 [scrapy.extensions.logstats] INFO: Crawled 7570 pages (at 94 pages/min), scraped 7264 items (at 91 items/min)
2024-11-12 01:20:03 [scrapy.extensions.logstats] INFO: Crawled 7668 pages (at 98 pages/min), scraped 7361 items (at 97 items/min)
2024-11-12 01:21:03 [scrapy.extensions.logstats] INFO: Crawled 7767 pages (at 99 pages/min), scraped 7458 items (at 97 items/min)
2024-11-12 01:22:03 [scrapy.extensions.logstats] INFO: Crawled 7867 pages (at 100 pages/min), scraped 7557 items (at 99 items/min)
2024-11-12 01:23:03 [scrapy.extensions.logstats] INFO: Crawled 7966 pages (at 99 pages/min), scraped 7657 items (at 100 items/min)
2024-11-12 01:24:03 [scrapy.extensions.logstats] INFO: Crawled 8067 pages (at 101 pages/min), scraped 7758 items (at 101 items/min)
2024-11-12 01:25:03 [scrapy.extensions.logstats] INFO: Crawled 8166 pages (at 99 pages/min), scraped 7857 items (at 99 items/min)
2024-11-12 01:26:03 [scrapy.extensions.logstats] INFO: Crawled 8265 pages (at 99 pages/min), scraped 7954 items (at 97 items/min)
2024-11-12 01:27:03 [scrapy.extensions.logstats] INFO: Crawled 8362 pages (at 97 pages/min), scraped 8050 items (at 96 items/min)
2024-11-12 01:28:03 [scrapy.extensions.logstats] INFO: Crawled 8461 pages (at 99 pages/min), scraped 8149 items (at 99 items/min)
2024-11-12 01:29:03 [scrapy.extensions.logstats] INFO: Crawled 8562 pages (at 101 pages/min), scraped 8248 items (at 99 items/min)
2024-11-12 01:30:03 [scrapy.extensions.logstats] INFO: Crawled 8662 pages (at 100 pages/min), scraped 8348 items (at 100 items/min)
2024-11-12 01:31:03 [scrapy.extensions.logstats] INFO: Crawled 8760 pages (at 98 pages/min), scraped 8445 items (at 97 items/min)
2024-11-12 01:32:03 [scrapy.extensions.logstats] INFO: Crawled 8859 pages (at 99 pages/min), scraped 8544 items (at 99 items/min)
2024-11-12 01:33:03 [scrapy.extensions.logstats] INFO: Crawled 8954 pages (at 95 pages/min), scraped 8640 items (at 96 items/min)
2024-11-12 01:34:03 [scrapy.extensions.logstats] INFO: Crawled 9051 pages (at 97 pages/min), scraped 8737 items (at 97 items/min)
2024-11-12 01:35:03 [scrapy.extensions.logstats] INFO: Crawled 9151 pages (at 100 pages/min), scraped 8837 items (at 100 items/min)
2024-11-12 01:36:03 [scrapy.extensions.logstats] INFO: Crawled 9251 pages (at 100 pages/min), scraped 8934 items (at 97 items/min)
2024-11-12 01:37:03 [scrapy.extensions.logstats] INFO: Crawled 9349 pages (at 98 pages/min), scraped 9033 items (at 99 items/min)
2024-11-12 01:38:03 [scrapy.extensions.logstats] INFO: Crawled 9445 pages (at 96 pages/min), scraped 9129 items (at 96 items/min)
2024-11-12 01:39:03 [scrapy.extensions.logstats] INFO: Crawled 9545 pages (at 100 pages/min), scraped 9219 items (at 90 items/min)
2024-11-12 01:40:03 [scrapy.extensions.logstats] INFO: Crawled 9642 pages (at 97 pages/min), scraped 9307 items (at 88 items/min)
2024-11-12 01:41:03 [scrapy.extensions.logstats] INFO: Crawled 9738 pages (at 96 pages/min), scraped 9389 items (at 82 items/min)
2024-11-12 01:42:03 [scrapy.extensions.logstats] INFO: Crawled 9838 pages (at 100 pages/min), scraped 9473 items (at 84 items/min)
2024-11-12 01:43:03 [scrapy.extensions.logstats] INFO: Crawled 9933 pages (at 95 pages/min), scraped 9563 items (at 90 items/min)
2024-11-12 01:44:03 [scrapy.extensions.logstats] INFO: Crawled 10029 pages (at 96 pages/min), scraped 9658 items (at 95 items/min)
2024-11-12 01:45:03 [scrapy.extensions.logstats] INFO: Crawled 10129 pages (at 100 pages/min), scraped 9757 items (at 99 items/min)
2024-11-12 01:46:03 [scrapy.extensions.logstats] INFO: Crawled 10225 pages (at 96 pages/min), scraped 9853 items (at 96 items/min)
2024-11-12 01:47:03 [scrapy.extensions.logstats] INFO: Crawled 10322 pages (at 97 pages/min), scraped 9950 items (at 97 items/min)
2024-11-12 01:48:03 [scrapy.extensions.logstats] INFO: Crawled 10421 pages (at 99 pages/min), scraped 10048 items (at 98 items/min)
2024-11-12 01:49:03 [scrapy.extensions.logstats] INFO: Crawled 10520 pages (at 99 pages/min), scraped 10146 items (at 98 items/min)
2024-11-12 01:50:03 [scrapy.extensions.logstats] INFO: Crawled 10615 pages (at 95 pages/min), scraped 10241 items (at 95 items/min)
2024-11-12 01:51:03 [scrapy.extensions.logstats] INFO: Crawled 10714 pages (at 99 pages/min), scraped 10327 items (at 86 items/min)
2024-11-12 01:52:03 [scrapy.extensions.logstats] INFO: Crawled 10814 pages (at 100 pages/min), scraped 10427 items (at 100 items/min)
2024-11-12 01:53:03 [scrapy.extensions.logstats] INFO: Crawled 10914 pages (at 100 pages/min), scraped 10523 items (at 96 items/min)
2024-11-12 01:53:48 [scrapy.core.engine] INFO: Closing spider (finished)
2024-11-12 01:53:48 [scrapy.statscollectors] INFO: Dumping Scrapy stats:
{'downloader/request_bytes': 7826670,
 'downloader/request_count': 10988,
 'downloader/request_method_count/GET': 10988,
 'downloader/response_bytes': 123240449,
 'downloader/response_count': 10988,
 'downloader/response_status_count/200': 10983,
 'downloader/response_status_count/520': 5,
 'elapsed_time_seconds': 6705.226979,
 'finish_reason': 'finished',
 'finish_time': datetime.datetime(2024, 11, 11, 17, 53, 48, 347569, tzinfo=datetime.timezone.utc),
 'httpcompression/response_bytes': 737782726,
 'httpcompression/response_count': 10983,
 'httperror/response_ignored_count': 5,
 'httperror/response_ignored_status_count/520': 5,
 'item_scraped_count': 10595,
 'log_count/INFO': 126,
 'memusage/max': 123453440,
 'memusage/startup': 101548032,
 'request_depth_max': 2,
 'response_received_count': 10988,
 'scheduler/dequeued': 10988,
 'scheduler/dequeued/memory': 10988,
 'scheduler/enqueued': 10988,
 'scheduler/enqueued/memory': 10988,
 'start_time': datetime.datetime(2024, 11, 11, 16, 2, 3, 120590, tzinfo=datetime.timezone.utc)}
2024-11-12 01:53:48 [scrapy.core.engine] INFO: Spider closed (finished)
