2024-11-16 00:16:36 [scrapy.utils.log] INFO: Scrapy 2.11.2 started (bot: DataSource)
2024-11-16 00:16:36 [scrapy.utils.log] INFO: Versions: lxml 5.3.0.0, libxml2 2.12.9, cssselect 1.2.0, parsel 1.9.1, w3lib 2.2.1, Twisted 24.10.0, Python 3.9.6 (default, Oct  4 2024, 08:01:31) - [Clang 16.0.0 (clang-1600.0.26.4)], pyOpenSSL 24.2.1 (OpenSSL 3.3.2 3 Sep 2024), cryptography 43.0.3, Platform macOS-15.1-arm64-arm-64bit
2024-11-16 00:16:36 [scrapy.addons] INFO: Enabled addons:
[]
2024-11-16 00:16:36 [scrapy.extensions.telnet] INFO: Telnet Password: c876f6e386243982
2024-11-16 00:16:36 [scrapy.middleware] INFO: Enabled extensions:
['scrapy.extensions.corestats.CoreStats',
 'scrapy.extensions.telnet.TelnetConsole',
 'scrapy.extensions.memusage.MemoryUsage',
 'scrapy.extensions.logstats.LogStats']
2024-11-16 00:16:36 [scrapy.crawler] INFO: Overridden settings:
{'BOT_NAME': 'DataSource',
 'CONCURRENT_REQUESTS': 32,
 'DOWNLOAD_DELAY': 0.5,
 'FEED_EXPORT_ENCODING': 'utf-8',
 'LOG_FILE': 'logs/2024-11-16 00:16:36.log',
 'LOG_LEVEL': 20,
 'NEWSPIDER_MODULE': 'DataSource.spiders',
 'REQUEST_FINGERPRINTER_IMPLEMENTATION': '2.7',
 'SPIDER_MODULES': ['DataSource.spiders'],
 'TWISTED_REACTOR': 'twisted.internet.asyncioreactor.AsyncioSelectorReactor'}
2024-11-16 00:16:36 [scrapy.middleware] INFO: Enabled downloader middlewares:
['scrapy.downloadermiddlewares.offsite.OffsiteMiddleware',
 'scrapy.downloadermiddlewares.httpauth.HttpAuthMiddleware',
 'scrapy.downloadermiddlewares.downloadtimeout.DownloadTimeoutMiddleware',
 'scrapy.downloadermiddlewares.defaultheaders.DefaultHeadersMiddleware',
 'scrapy.downloadermiddlewares.useragent.UserAgentMiddleware',
 'scrapy.downloadermiddlewares.retry.RetryMiddleware',
 'scrapy.downloadermiddlewares.redirect.MetaRefreshMiddleware',
 'scrapy.downloadermiddlewares.httpcompression.HttpCompressionMiddleware',
 'scrapy.downloadermiddlewares.redirect.RedirectMiddleware',
 'scrapy.downloadermiddlewares.cookies.CookiesMiddleware',
 'scrapy.downloadermiddlewares.httpproxy.HttpProxyMiddleware',
 'scrapy.downloadermiddlewares.stats.DownloaderStats']
2024-11-16 00:16:36 [scrapy.middleware] INFO: Enabled spider middlewares:
['scrapy.spidermiddlewares.httperror.HttpErrorMiddleware',
 'scrapy.spidermiddlewares.referer.RefererMiddleware',
 'scrapy.spidermiddlewares.urllength.UrlLengthMiddleware',
 'scrapy.spidermiddlewares.depth.DepthMiddleware']
2024-11-16 00:16:38 [scrapy.middleware] INFO: Enabled item pipelines:
['DataSource.pipelines.DatasourcePipeline']
2024-11-16 00:16:38 [scrapy.core.engine] INFO: Spider opened
2024-11-16 00:16:38 [scrapy.extensions.logstats] INFO: Crawled 0 pages (at 0 pages/min), scraped 0 items (at 0 items/min)
2024-11-16 00:16:38 [scrapy.extensions.telnet] INFO: Telnet console listening on 127.0.0.1:6023
2024-11-16 00:17:38 [scrapy.extensions.logstats] INFO: Crawled 100 pages (at 100 pages/min), scraped 32 items (at 32 items/min)
2024-11-16 00:18:38 [scrapy.extensions.logstats] INFO: Crawled 201 pages (at 101 pages/min), scraped 133 items (at 101 items/min)
2024-11-16 00:19:38 [scrapy.extensions.logstats] INFO: Crawled 301 pages (at 100 pages/min), scraped 229 items (at 96 items/min)
2024-11-16 00:20:38 [scrapy.extensions.logstats] INFO: Crawled 398 pages (at 97 pages/min), scraped 319 items (at 90 items/min)
2024-11-16 00:21:38 [scrapy.extensions.logstats] INFO: Crawled 496 pages (at 98 pages/min), scraped 414 items (at 95 items/min)
2024-11-16 00:22:38 [scrapy.extensions.logstats] INFO: Crawled 594 pages (at 98 pages/min), scraped 511 items (at 97 items/min)
2024-11-16 00:23:38 [scrapy.extensions.logstats] INFO: Crawled 693 pages (at 99 pages/min), scraped 610 items (at 99 items/min)
2024-11-16 00:24:38 [scrapy.extensions.logstats] INFO: Crawled 790 pages (at 97 pages/min), scraped 707 items (at 97 items/min)
2024-11-16 00:25:38 [scrapy.extensions.logstats] INFO: Crawled 888 pages (at 98 pages/min), scraped 804 items (at 97 items/min)
2024-11-16 00:26:38 [scrapy.extensions.logstats] INFO: Crawled 986 pages (at 98 pages/min), scraped 900 items (at 96 items/min)
2024-11-16 00:27:38 [scrapy.extensions.logstats] INFO: Crawled 1084 pages (at 98 pages/min), scraped 998 items (at 98 items/min)
2024-11-16 00:28:38 [scrapy.extensions.logstats] INFO: Crawled 1182 pages (at 98 pages/min), scraped 1095 items (at 97 items/min)
2024-11-16 00:29:38 [scrapy.extensions.logstats] INFO: Crawled 1279 pages (at 97 pages/min), scraped 1193 items (at 98 items/min)
2024-11-16 00:30:38 [scrapy.extensions.logstats] INFO: Crawled 1378 pages (at 99 pages/min), scraped 1291 items (at 98 items/min)
2024-11-16 00:31:38 [scrapy.extensions.logstats] INFO: Crawled 1478 pages (at 100 pages/min), scraped 1391 items (at 100 items/min)
2024-11-16 00:32:38 [scrapy.extensions.logstats] INFO: Crawled 1576 pages (at 98 pages/min), scraped 1481 items (at 90 items/min)
2024-11-16 00:33:38 [scrapy.extensions.logstats] INFO: Crawled 1673 pages (at 97 pages/min), scraped 1573 items (at 92 items/min)
2024-11-16 00:34:38 [scrapy.extensions.logstats] INFO: Crawled 1773 pages (at 100 pages/min), scraped 1667 items (at 94 items/min)
2024-11-16 00:35:38 [scrapy.extensions.logstats] INFO: Crawled 1872 pages (at 99 pages/min), scraped 1763 items (at 96 items/min)
2024-11-16 00:36:38 [scrapy.extensions.logstats] INFO: Crawled 1970 pages (at 98 pages/min), scraped 1836 items (at 73 items/min)
2024-11-16 00:37:38 [scrapy.extensions.logstats] INFO: Crawled 2066 pages (at 96 pages/min), scraped 1921 items (at 85 items/min)
2024-11-16 00:38:38 [scrapy.extensions.logstats] INFO: Crawled 2165 pages (at 99 pages/min), scraped 2020 items (at 99 items/min)
2024-11-16 00:39:38 [scrapy.extensions.logstats] INFO: Crawled 2265 pages (at 100 pages/min), scraped 2120 items (at 100 items/min)
2024-11-16 00:40:38 [scrapy.extensions.logstats] INFO: Crawled 2362 pages (at 97 pages/min), scraped 2216 items (at 96 items/min)
2024-11-16 00:41:38 [scrapy.extensions.logstats] INFO: Crawled 2459 pages (at 97 pages/min), scraped 2313 items (at 97 items/min)
2024-11-16 00:42:38 [scrapy.extensions.logstats] INFO: Crawled 2559 pages (at 100 pages/min), scraped 2411 items (at 98 items/min)
2024-11-16 00:43:38 [scrapy.extensions.logstats] INFO: Crawled 2655 pages (at 96 pages/min), scraped 2507 items (at 96 items/min)
2024-11-16 00:44:38 [scrapy.extensions.logstats] INFO: Crawled 2753 pages (at 98 pages/min), scraped 2605 items (at 98 items/min)
2024-11-16 00:45:38 [scrapy.extensions.logstats] INFO: Crawled 2848 pages (at 95 pages/min), scraped 2699 items (at 94 items/min)
2024-11-16 00:46:38 [scrapy.extensions.logstats] INFO: Crawled 2944 pages (at 96 pages/min), scraped 2792 items (at 93 items/min)
2024-11-16 00:47:38 [scrapy.extensions.logstats] INFO: Crawled 3040 pages (at 96 pages/min), scraped 2887 items (at 95 items/min)
2024-11-16 00:48:38 [scrapy.extensions.logstats] INFO: Crawled 3137 pages (at 97 pages/min), scraped 2984 items (at 97 items/min)
2024-11-16 00:49:38 [scrapy.extensions.logstats] INFO: Crawled 3236 pages (at 99 pages/min), scraped 3080 items (at 96 items/min)
2024-11-16 00:50:38 [scrapy.extensions.logstats] INFO: Crawled 3333 pages (at 97 pages/min), scraped 3175 items (at 95 items/min)
2024-11-16 00:51:38 [scrapy.extensions.logstats] INFO: Crawled 3434 pages (at 101 pages/min), scraped 3262 items (at 87 items/min)
2024-11-16 00:52:38 [scrapy.extensions.logstats] INFO: Crawled 3533 pages (at 99 pages/min), scraped 3358 items (at 96 items/min)
2024-11-16 00:53:38 [scrapy.extensions.logstats] INFO: Crawled 3631 pages (at 98 pages/min), scraped 3453 items (at 95 items/min)
2024-11-16 00:54:38 [scrapy.extensions.logstats] INFO: Crawled 3730 pages (at 99 pages/min), scraped 3548 items (at 95 items/min)
2024-11-16 00:55:38 [scrapy.extensions.logstats] INFO: Crawled 3823 pages (at 93 pages/min), scraped 3641 items (at 93 items/min)
2024-11-16 00:56:38 [scrapy.extensions.logstats] INFO: Crawled 3922 pages (at 99 pages/min), scraped 3735 items (at 94 items/min)
2024-11-16 00:57:38 [scrapy.extensions.logstats] INFO: Crawled 4018 pages (at 96 pages/min), scraped 3828 items (at 93 items/min)
2024-11-16 00:58:38 [scrapy.extensions.logstats] INFO: Crawled 4119 pages (at 101 pages/min), scraped 3927 items (at 99 items/min)
2024-11-16 00:59:38 [scrapy.extensions.logstats] INFO: Crawled 4217 pages (at 98 pages/min), scraped 4022 items (at 95 items/min)
2024-11-16 01:00:38 [scrapy.extensions.logstats] INFO: Crawled 4317 pages (at 100 pages/min), scraped 4120 items (at 98 items/min)
2024-11-16 01:01:38 [scrapy.extensions.logstats] INFO: Crawled 4413 pages (at 96 pages/min), scraped 4213 items (at 93 items/min)
2024-11-16 01:02:38 [scrapy.extensions.logstats] INFO: Crawled 4510 pages (at 97 pages/min), scraped 4305 items (at 92 items/min)
2024-11-16 01:03:38 [scrapy.extensions.logstats] INFO: Crawled 4608 pages (at 98 pages/min), scraped 4402 items (at 97 items/min)
2024-11-16 01:04:38 [scrapy.extensions.logstats] INFO: Crawled 4705 pages (at 97 pages/min), scraped 4493 items (at 91 items/min)
2024-11-16 01:05:38 [scrapy.extensions.logstats] INFO: Crawled 4804 pages (at 99 pages/min), scraped 4593 items (at 100 items/min)
2024-11-16 01:06:38 [scrapy.extensions.logstats] INFO: Crawled 4903 pages (at 99 pages/min), scraped 4668 items (at 75 items/min)
2024-11-16 01:07:38 [scrapy.extensions.logstats] INFO: Crawled 5000 pages (at 97 pages/min), scraped 4753 items (at 85 items/min)
2024-11-16 01:08:38 [scrapy.extensions.logstats] INFO: Crawled 5099 pages (at 99 pages/min), scraped 4850 items (at 97 items/min)
2024-11-16 01:09:38 [scrapy.extensions.logstats] INFO: Crawled 5196 pages (at 97 pages/min), scraped 4944 items (at 94 items/min)
2024-11-16 01:10:38 [scrapy.extensions.logstats] INFO: Crawled 5294 pages (at 98 pages/min), scraped 5039 items (at 95 items/min)
2024-11-16 01:11:38 [scrapy.extensions.logstats] INFO: Crawled 5390 pages (at 96 pages/min), scraped 5136 items (at 97 items/min)
2024-11-16 01:12:38 [scrapy.extensions.logstats] INFO: Crawled 5488 pages (at 98 pages/min), scraped 5234 items (at 98 items/min)
2024-11-16 01:13:38 [scrapy.extensions.logstats] INFO: Crawled 5591 pages (at 103 pages/min), scraped 5334 items (at 100 items/min)
2024-11-16 01:14:38 [scrapy.extensions.logstats] INFO: Crawled 5687 pages (at 96 pages/min), scraped 5428 items (at 94 items/min)
2024-11-16 01:15:38 [scrapy.extensions.logstats] INFO: Crawled 5786 pages (at 99 pages/min), scraped 5520 items (at 92 items/min)
2024-11-16 01:16:38 [scrapy.extensions.logstats] INFO: Crawled 5884 pages (at 98 pages/min), scraped 5617 items (at 97 items/min)
2024-11-16 01:17:38 [scrapy.extensions.logstats] INFO: Crawled 5980 pages (at 96 pages/min), scraped 5706 items (at 89 items/min)
2024-11-16 01:18:38 [scrapy.extensions.logstats] INFO: Crawled 6078 pages (at 98 pages/min), scraped 5804 items (at 98 items/min)
2024-11-16 01:19:38 [scrapy.extensions.logstats] INFO: Crawled 6173 pages (at 95 pages/min), scraped 5899 items (at 95 items/min)
2024-11-16 01:20:38 [scrapy.extensions.logstats] INFO: Crawled 6269 pages (at 96 pages/min), scraped 5995 items (at 96 items/min)
2024-11-16 01:21:38 [scrapy.extensions.logstats] INFO: Crawled 6368 pages (at 99 pages/min), scraped 6094 items (at 99 items/min)
2024-11-16 01:22:38 [scrapy.extensions.logstats] INFO: Crawled 6467 pages (at 99 pages/min), scraped 6191 items (at 97 items/min)
2024-11-16 01:23:38 [scrapy.extensions.logstats] INFO: Crawled 6568 pages (at 101 pages/min), scraped 6290 items (at 99 items/min)
2024-11-16 01:24:21 [scrapy.spidermiddlewares.httperror] INFO: Ignoring response <520 https://api.flightradar24.com/common/v1/flight-playback.json?flightId=37fc4bc0&timestamp=&token=&pk=>: HTTP status code is not handled or not allowed
2024-11-16 01:24:38 [scrapy.extensions.logstats] INFO: Crawled 6668 pages (at 100 pages/min), scraped 6388 items (at 98 items/min)
2024-11-16 01:25:38 [scrapy.extensions.logstats] INFO: Crawled 6766 pages (at 98 pages/min), scraped 6485 items (at 97 items/min)
2024-11-16 01:26:38 [scrapy.extensions.logstats] INFO: Crawled 6863 pages (at 97 pages/min), scraped 6582 items (at 97 items/min)
2024-11-16 01:27:38 [scrapy.extensions.logstats] INFO: Crawled 6963 pages (at 100 pages/min), scraped 6681 items (at 99 items/min)
2024-11-16 01:28:38 [scrapy.extensions.logstats] INFO: Crawled 7061 pages (at 98 pages/min), scraped 6780 items (at 99 items/min)
2024-11-16 01:29:38 [scrapy.extensions.logstats] INFO: Crawled 7158 pages (at 97 pages/min), scraped 6876 items (at 96 items/min)
2024-11-16 01:30:38 [scrapy.extensions.logstats] INFO: Crawled 7258 pages (at 100 pages/min), scraped 6974 items (at 98 items/min)
2024-11-16 01:31:38 [scrapy.extensions.logstats] INFO: Crawled 7355 pages (at 97 pages/min), scraped 7069 items (at 95 items/min)
2024-11-16 01:32:38 [scrapy.extensions.logstats] INFO: Crawled 7452 pages (at 97 pages/min), scraped 7133 items (at 64 items/min)
2024-11-16 01:33:38 [scrapy.extensions.logstats] INFO: Crawled 7551 pages (at 99 pages/min), scraped 7214 items (at 81 items/min)
2024-11-16 01:34:38 [scrapy.extensions.logstats] INFO: Crawled 7649 pages (at 98 pages/min), scraped 7309 items (at 95 items/min)
2024-11-16 01:35:38 [scrapy.extensions.logstats] INFO: Crawled 7724 pages (at 75 pages/min), scraped 7384 items (at 75 items/min)
2024-11-16 01:36:38 [scrapy.extensions.logstats] INFO: Crawled 7754 pages (at 30 pages/min), scraped 7412 items (at 28 items/min)
2024-11-16 01:37:38 [scrapy.extensions.logstats] INFO: Crawled 7854 pages (at 100 pages/min), scraped 7509 items (at 97 items/min)
2024-11-16 01:38:38 [scrapy.extensions.logstats] INFO: Crawled 7953 pages (at 99 pages/min), scraped 7607 items (at 98 items/min)
2024-11-16 01:39:38 [scrapy.extensions.logstats] INFO: Crawled 8049 pages (at 96 pages/min), scraped 7702 items (at 95 items/min)
2024-11-16 01:40:38 [scrapy.extensions.logstats] INFO: Crawled 8146 pages (at 97 pages/min), scraped 7799 items (at 97 items/min)
2024-11-16 01:41:38 [scrapy.extensions.logstats] INFO: Crawled 8244 pages (at 98 pages/min), scraped 7890 items (at 91 items/min)
2024-11-16 01:42:38 [scrapy.extensions.logstats] INFO: Crawled 8342 pages (at 98 pages/min), scraped 7988 items (at 98 items/min)
2024-11-16 01:43:38 [scrapy.extensions.logstats] INFO: Crawled 8437 pages (at 95 pages/min), scraped 8079 items (at 91 items/min)
2024-11-16 01:44:38 [scrapy.extensions.logstats] INFO: Crawled 8537 pages (at 100 pages/min), scraped 8175 items (at 96 items/min)
2024-11-16 01:45:38 [scrapy.extensions.logstats] INFO: Crawled 8638 pages (at 101 pages/min), scraped 8277 items (at 102 items/min)
2024-11-16 01:46:38 [scrapy.extensions.logstats] INFO: Crawled 8737 pages (at 99 pages/min), scraped 8373 items (at 96 items/min)
2024-11-16 01:47:38 [scrapy.extensions.logstats] INFO: Crawled 8834 pages (at 97 pages/min), scraped 8470 items (at 97 items/min)
2024-11-16 01:48:38 [scrapy.extensions.logstats] INFO: Crawled 8931 pages (at 97 pages/min), scraped 8567 items (at 97 items/min)
2024-11-16 01:49:38 [scrapy.extensions.logstats] INFO: Crawled 9028 pages (at 97 pages/min), scraped 8661 items (at 94 items/min)
2024-11-16 01:50:38 [scrapy.extensions.logstats] INFO: Crawled 9126 pages (at 98 pages/min), scraped 8756 items (at 95 items/min)
2024-11-16 01:51:38 [scrapy.extensions.logstats] INFO: Crawled 9220 pages (at 94 pages/min), scraped 8848 items (at 92 items/min)
2024-11-16 01:52:38 [scrapy.extensions.logstats] INFO: Crawled 9320 pages (at 100 pages/min), scraped 8944 items (at 96 items/min)
2024-11-16 01:53:38 [scrapy.extensions.logstats] INFO: Crawled 9418 pages (at 98 pages/min), scraped 9034 items (at 90 items/min)
2024-11-16 01:54:38 [scrapy.extensions.logstats] INFO: Crawled 9518 pages (at 100 pages/min), scraped 9128 items (at 94 items/min)
2024-11-16 01:55:38 [scrapy.extensions.logstats] INFO: Crawled 9616 pages (at 98 pages/min), scraped 9221 items (at 93 items/min)
2024-11-16 01:56:38 [scrapy.extensions.logstats] INFO: Crawled 9714 pages (at 98 pages/min), scraped 9312 items (at 91 items/min)
2024-11-16 01:57:38 [scrapy.extensions.logstats] INFO: Crawled 9813 pages (at 99 pages/min), scraped 9412 items (at 100 items/min)
2024-11-16 01:58:38 [scrapy.extensions.logstats] INFO: Crawled 9910 pages (at 97 pages/min), scraped 9508 items (at 96 items/min)
2024-11-16 01:59:38 [scrapy.extensions.logstats] INFO: Crawled 10007 pages (at 97 pages/min), scraped 9600 items (at 92 items/min)
2024-11-16 02:00:38 [scrapy.extensions.logstats] INFO: Crawled 10104 pages (at 97 pages/min), scraped 9674 items (at 74 items/min)
2024-11-16 02:01:38 [scrapy.extensions.logstats] INFO: Crawled 10198 pages (at 94 pages/min), scraped 9763 items (at 89 items/min)
2024-11-16 02:02:38 [scrapy.extensions.logstats] INFO: Crawled 10296 pages (at 98 pages/min), scraped 9857 items (at 94 items/min)
2024-11-16 02:03:38 [scrapy.extensions.logstats] INFO: Crawled 10396 pages (at 100 pages/min), scraped 9954 items (at 97 items/min)
2024-11-16 02:04:38 [scrapy.extensions.logstats] INFO: Crawled 10494 pages (at 98 pages/min), scraped 10053 items (at 99 items/min)
2024-11-16 02:05:38 [scrapy.extensions.logstats] INFO: Crawled 10591 pages (at 97 pages/min), scraped 10147 items (at 94 items/min)
2024-11-16 02:06:38 [scrapy.extensions.logstats] INFO: Crawled 10687 pages (at 96 pages/min), scraped 10243 items (at 96 items/min)
2024-11-16 02:07:38 [scrapy.extensions.logstats] INFO: Crawled 10786 pages (at 99 pages/min), scraped 10328 items (at 85 items/min)
2024-11-16 02:08:38 [scrapy.extensions.logstats] INFO: Crawled 10886 pages (at 100 pages/min), scraped 10426 items (at 98 items/min)
2024-11-16 02:09:38 [scrapy.extensions.logstats] INFO: Crawled 10982 pages (at 96 pages/min), scraped 10522 items (at 96 items/min)
2024-11-16 02:09:38 [scrapy.core.engine] INFO: Closing spider (finished)
2024-11-16 02:09:38 [scrapy.statscollectors] INFO: Dumping Scrapy stats:
{'downloader/request_bytes': 7891774,
 'downloader/request_count': 11080,
 'downloader/request_method_count/GET': 11080,
 'downloader/response_bytes': 125255842,
 'downloader/response_count': 11080,
 'downloader/response_status_count/200': 10982,
 'downloader/response_status_count/429': 97,
 'downloader/response_status_count/520': 1,
 'dupefilter/filtered': 50,
 'elapsed_time_seconds': 6780.271936,
 'finish_reason': 'finished',
 'finish_time': datetime.datetime(2024, 11, 15, 18, 9, 38, 347947, tzinfo=datetime.timezone.utc),
 'httpcompression/response_bytes': 751327332,
 'httpcompression/response_count': 10982,
 'httperror/response_ignored_count': 1,
 'httperror/response_ignored_status_count/520': 1,
 'item_scraped_count': 10523,
 'log_count/INFO': 124,
 'memusage/max': 123813888,
 'memusage/startup': 101892096,
 'request_depth_max': 2,
 'response_received_count': 10983,
 'retry/count': 97,
 'retry/reason_count/429 Unknown Status': 97,
 'scheduler/dequeued': 11080,
 'scheduler/dequeued/memory': 11080,
 'scheduler/enqueued': 11080,
 'scheduler/enqueued/memory': 11080,
 'start_time': datetime.datetime(2024, 11, 15, 16, 16, 38, 76011, tzinfo=datetime.timezone.utc)}
2024-11-16 02:09:38 [scrapy.core.engine] INFO: Spider closed (finished)
