2024-11-20 00:03:25 [scrapy.utils.log] INFO: Scrapy 2.11.2 started (bot: DataSource)
2024-11-20 00:03:25 [scrapy.utils.log] INFO: Versions: lxml 5.3.0.0, libxml2 2.12.9, cssselect 1.2.0, parsel 1.9.1, w3lib 2.2.1, Twisted 24.10.0, Python 3.9.6 (default, Oct  4 2024, 08:01:31) - [Clang 16.0.0 (clang-1600.0.26.4)], pyOpenSSL 24.2.1 (OpenSSL 3.3.2 3 Sep 2024), cryptography 43.0.3, Platform macOS-15.1-arm64-arm-64bit
2024-11-20 00:03:25 [scrapy.addons] INFO: Enabled addons:
[]
2024-11-20 00:03:25 [scrapy.extensions.telnet] INFO: Telnet Password: 52afd23abc67aff1
2024-11-20 00:03:25 [scrapy.middleware] INFO: Enabled extensions:
['scrapy.extensions.corestats.CoreStats',
 'scrapy.extensions.telnet.TelnetConsole',
 'scrapy.extensions.memusage.MemoryUsage',
 'scrapy.extensions.logstats.LogStats']
2024-11-20 00:03:25 [scrapy.crawler] INFO: Overridden settings:
{'BOT_NAME': 'DataSource',
 'CONCURRENT_REQUESTS': 32,
 'DOWNLOAD_DELAY': 0.5,
 'FEED_EXPORT_ENCODING': 'utf-8',
 'LOG_FILE': 'logs/2024-11-20 00:03:25.log',
 'LOG_LEVEL': 20,
 'NEWSPIDER_MODULE': 'DataSource.spiders',
 'REQUEST_FINGERPRINTER_IMPLEMENTATION': '2.7',
 'SPIDER_MODULES': ['DataSource.spiders'],
 'TWISTED_REACTOR': 'twisted.internet.asyncioreactor.AsyncioSelectorReactor'}
2024-11-20 00:03:25 [scrapy.middleware] INFO: Enabled downloader middlewares:
['scrapy.downloadermiddlewares.offsite.OffsiteMiddleware',
 'scrapy.downloadermiddlewares.httpauth.HttpAuthMiddleware',
 'scrapy.downloadermiddlewares.downloadtimeout.DownloadTimeoutMiddleware',
 'scrapy.downloadermiddlewares.defaultheaders.DefaultHeadersMiddleware',
 'scrapy.downloadermiddlewares.useragent.UserAgentMiddleware',
 'scrapy.downloadermiddlewares.retry.RetryMiddleware',
 'scrapy.downloadermiddlewares.redirect.MetaRefreshMiddleware',
 'scrapy.downloadermiddlewares.httpcompression.HttpCompressionMiddleware',
 'scrapy.downloadermiddlewares.redirect.RedirectMiddleware',
 'scrapy.downloadermiddlewares.cookies.CookiesMiddleware',
 'scrapy.downloadermiddlewares.httpproxy.HttpProxyMiddleware',
 'scrapy.downloadermiddlewares.stats.DownloaderStats']
2024-11-20 00:03:25 [scrapy.middleware] INFO: Enabled spider middlewares:
['scrapy.spidermiddlewares.httperror.HttpErrorMiddleware',
 'scrapy.spidermiddlewares.referer.RefererMiddleware',
 'scrapy.spidermiddlewares.urllength.UrlLengthMiddleware',
 'scrapy.spidermiddlewares.depth.DepthMiddleware']
2024-11-20 00:03:26 [scrapy.middleware] INFO: Enabled item pipelines:
['DataSource.pipelines.DatasourcePipeline']
2024-11-20 00:03:26 [scrapy.core.engine] INFO: Spider opened
2024-11-20 00:03:26 [scrapy.extensions.logstats] INFO: Crawled 0 pages (at 0 pages/min), scraped 0 items (at 0 items/min)
2024-11-20 00:03:26 [scrapy.extensions.telnet] INFO: Telnet console listening on 127.0.0.1:6023
2024-11-20 00:04:26 [scrapy.extensions.logstats] INFO: Crawled 98 pages (at 98 pages/min), scraped 24 items (at 24 items/min)
2024-11-20 00:05:26 [scrapy.extensions.logstats] INFO: Crawled 196 pages (at 98 pages/min), scraped 120 items (at 96 items/min)
2024-11-20 00:05:43 [scrapy.spidermiddlewares.httperror] INFO: Ignoring response <520 https://api.flightradar24.com/common/v1/flight-playback.json?flightId=38068f66&timestamp=&token=&pk=>: HTTP status code is not handled or not allowed
2024-11-20 00:06:26 [scrapy.extensions.logstats] INFO: Crawled 292 pages (at 96 pages/min), scraped 212 items (at 92 items/min)
2024-11-20 00:07:26 [scrapy.extensions.logstats] INFO: Crawled 393 pages (at 101 pages/min), scraped 309 items (at 97 items/min)
2024-11-20 00:08:26 [scrapy.extensions.logstats] INFO: Crawled 491 pages (at 98 pages/min), scraped 403 items (at 94 items/min)
2024-11-20 00:09:26 [scrapy.extensions.logstats] INFO: Crawled 590 pages (at 99 pages/min), scraped 502 items (at 99 items/min)
2024-11-20 00:10:26 [scrapy.extensions.logstats] INFO: Crawled 690 pages (at 100 pages/min), scraped 601 items (at 99 items/min)
2024-11-20 00:11:26 [scrapy.extensions.logstats] INFO: Crawled 788 pages (at 98 pages/min), scraped 699 items (at 98 items/min)
2024-11-20 00:12:26 [scrapy.extensions.logstats] INFO: Crawled 885 pages (at 97 pages/min), scraped 796 items (at 97 items/min)
2024-11-20 00:13:26 [scrapy.extensions.logstats] INFO: Crawled 983 pages (at 98 pages/min), scraped 891 items (at 95 items/min)
2024-11-20 00:14:12 [scrapy.spidermiddlewares.httperror] INFO: Ignoring response <520 https://api.flightradar24.com/common/v1/flight-playback.json?flightId=3806cb1e&timestamp=&token=&pk=>: HTTP status code is not handled or not allowed
2024-11-20 00:14:26 [scrapy.extensions.logstats] INFO: Crawled 1084 pages (at 101 pages/min), scraped 990 items (at 99 items/min)
2024-11-20 00:15:26 [scrapy.extensions.logstats] INFO: Crawled 1180 pages (at 96 pages/min), scraped 1084 items (at 94 items/min)
2024-11-20 00:16:26 [scrapy.extensions.logstats] INFO: Crawled 1279 pages (at 99 pages/min), scraped 1180 items (at 96 items/min)
2024-11-20 00:17:26 [scrapy.extensions.logstats] INFO: Crawled 1376 pages (at 97 pages/min), scraped 1274 items (at 94 items/min)
2024-11-20 00:18:26 [scrapy.extensions.logstats] INFO: Crawled 1474 pages (at 98 pages/min), scraped 1371 items (at 97 items/min)
2024-11-20 00:19:26 [scrapy.extensions.logstats] INFO: Crawled 1573 pages (at 99 pages/min), scraped 1468 items (at 97 items/min)
2024-11-20 00:20:26 [scrapy.extensions.logstats] INFO: Crawled 1673 pages (at 100 pages/min), scraped 1554 items (at 86 items/min)
2024-11-20 00:21:26 [scrapy.extensions.logstats] INFO: Crawled 1770 pages (at 97 pages/min), scraped 1630 items (at 76 items/min)
2024-11-20 00:22:26 [scrapy.extensions.logstats] INFO: Crawled 1869 pages (at 99 pages/min), scraped 1693 items (at 63 items/min)
2024-11-20 00:23:26 [scrapy.extensions.logstats] INFO: Crawled 1964 pages (at 95 pages/min), scraped 1788 items (at 95 items/min)
2024-11-20 00:24:26 [scrapy.extensions.logstats] INFO: Crawled 2061 pages (at 97 pages/min), scraped 1882 items (at 94 items/min)
2024-11-20 00:25:26 [scrapy.extensions.logstats] INFO: Crawled 2159 pages (at 98 pages/min), scraped 1980 items (at 98 items/min)
2024-11-20 00:26:26 [scrapy.extensions.logstats] INFO: Crawled 2255 pages (at 96 pages/min), scraped 2075 items (at 95 items/min)
2024-11-20 00:27:26 [scrapy.extensions.logstats] INFO: Crawled 2352 pages (at 97 pages/min), scraped 2171 items (at 96 items/min)
2024-11-20 00:28:26 [scrapy.extensions.logstats] INFO: Crawled 2447 pages (at 95 pages/min), scraped 2266 items (at 95 items/min)
2024-11-20 00:29:26 [scrapy.extensions.logstats] INFO: Crawled 2548 pages (at 101 pages/min), scraped 2367 items (at 101 items/min)
2024-11-20 00:30:26 [scrapy.extensions.logstats] INFO: Crawled 2645 pages (at 97 pages/min), scraped 2463 items (at 96 items/min)
2024-11-20 00:31:26 [scrapy.extensions.logstats] INFO: Crawled 2742 pages (at 97 pages/min), scraped 2557 items (at 94 items/min)
2024-11-20 00:32:26 [scrapy.extensions.logstats] INFO: Crawled 2839 pages (at 97 pages/min), scraped 2653 items (at 96 items/min)
2024-11-20 00:33:26 [scrapy.extensions.logstats] INFO: Crawled 2939 pages (at 100 pages/min), scraped 2747 items (at 94 items/min)
2024-11-20 00:34:26 [scrapy.extensions.logstats] INFO: Crawled 3035 pages (at 96 pages/min), scraped 2843 items (at 96 items/min)
2024-11-20 00:35:26 [scrapy.extensions.logstats] INFO: Crawled 3130 pages (at 95 pages/min), scraped 2935 items (at 92 items/min)
2024-11-20 00:36:26 [scrapy.extensions.logstats] INFO: Crawled 3228 pages (at 98 pages/min), scraped 3033 items (at 98 items/min)
2024-11-20 00:37:26 [scrapy.extensions.logstats] INFO: Crawled 3329 pages (at 101 pages/min), scraped 3132 items (at 99 items/min)
2024-11-20 00:38:26 [scrapy.extensions.logstats] INFO: Crawled 3426 pages (at 97 pages/min), scraped 3230 items (at 98 items/min)
2024-11-20 00:39:26 [scrapy.extensions.logstats] INFO: Crawled 3526 pages (at 100 pages/min), scraped 3329 items (at 99 items/min)
2024-11-20 00:40:26 [scrapy.extensions.logstats] INFO: Crawled 3623 pages (at 97 pages/min), scraped 3425 items (at 96 items/min)
2024-11-20 00:41:26 [scrapy.extensions.logstats] INFO: Crawled 3722 pages (at 99 pages/min), scraped 3522 items (at 97 items/min)
2024-11-20 00:42:26 [scrapy.extensions.logstats] INFO: Crawled 3820 pages (at 98 pages/min), scraped 3621 items (at 99 items/min)
2024-11-20 00:43:26 [scrapy.extensions.logstats] INFO: Crawled 3919 pages (at 99 pages/min), scraped 3719 items (at 98 items/min)
2024-11-20 00:44:11 [scrapy.spidermiddlewares.httperror] INFO: Ignoring response <520 https://api.flightradar24.com/common/v1/flight-playback.json?flightId=3809a5dd&timestamp=&token=&pk=>: HTTP status code is not handled or not allowed
2024-11-20 00:44:26 [scrapy.extensions.logstats] INFO: Crawled 4017 pages (at 98 pages/min), scraped 3814 items (at 95 items/min)
2024-11-20 00:45:26 [scrapy.extensions.logstats] INFO: Crawled 4116 pages (at 99 pages/min), scraped 3912 items (at 98 items/min)
2024-11-20 00:46:26 [scrapy.extensions.logstats] INFO: Crawled 4214 pages (at 98 pages/min), scraped 4008 items (at 96 items/min)
2024-11-20 00:47:26 [scrapy.extensions.logstats] INFO: Crawled 4313 pages (at 99 pages/min), scraped 4105 items (at 97 items/min)
2024-11-20 00:48:26 [scrapy.extensions.logstats] INFO: Crawled 4410 pages (at 97 pages/min), scraped 4200 items (at 95 items/min)
2024-11-20 00:49:26 [scrapy.extensions.logstats] INFO: Crawled 4508 pages (at 98 pages/min), scraped 4295 items (at 95 items/min)
2024-11-20 00:50:26 [scrapy.extensions.logstats] INFO: Crawled 4606 pages (at 98 pages/min), scraped 4391 items (at 96 items/min)
2024-11-20 00:51:26 [scrapy.extensions.logstats] INFO: Crawled 4705 pages (at 99 pages/min), scraped 4489 items (at 98 items/min)
2024-11-20 00:52:26 [scrapy.extensions.logstats] INFO: Crawled 4807 pages (at 102 pages/min), scraped 4568 items (at 79 items/min)
2024-11-20 00:53:26 [scrapy.extensions.logstats] INFO: Crawled 4905 pages (at 98 pages/min), scraped 4656 items (at 88 items/min)
2024-11-20 00:54:26 [scrapy.extensions.logstats] INFO: Crawled 5003 pages (at 98 pages/min), scraped 4753 items (at 97 items/min)
2024-11-20 00:55:26 [scrapy.extensions.logstats] INFO: Crawled 5102 pages (at 99 pages/min), scraped 4852 items (at 99 items/min)
2024-11-20 00:56:26 [scrapy.extensions.logstats] INFO: Crawled 5200 pages (at 98 pages/min), scraped 4949 items (at 97 items/min)
2024-11-20 00:57:26 [scrapy.extensions.logstats] INFO: Crawled 5296 pages (at 96 pages/min), scraped 5042 items (at 93 items/min)
2024-11-20 00:58:26 [scrapy.extensions.logstats] INFO: Crawled 5393 pages (at 97 pages/min), scraped 5135 items (at 93 items/min)
2024-11-20 00:59:26 [scrapy.extensions.logstats] INFO: Crawled 5495 pages (at 102 pages/min), scraped 5235 items (at 100 items/min)
2024-11-20 01:00:26 [scrapy.extensions.logstats] INFO: Crawled 5596 pages (at 101 pages/min), scraped 5336 items (at 101 items/min)
2024-11-20 01:01:26 [scrapy.extensions.logstats] INFO: Crawled 5694 pages (at 98 pages/min), scraped 5432 items (at 96 items/min)
2024-11-20 01:02:26 [scrapy.extensions.logstats] INFO: Crawled 5792 pages (at 98 pages/min), scraped 5528 items (at 96 items/min)
2024-11-20 01:03:26 [scrapy.extensions.logstats] INFO: Crawled 5891 pages (at 99 pages/min), scraped 5624 items (at 96 items/min)
2024-11-20 01:04:26 [scrapy.extensions.logstats] INFO: Crawled 5989 pages (at 98 pages/min), scraped 5721 items (at 97 items/min)
2024-11-20 01:05:26 [scrapy.extensions.logstats] INFO: Crawled 6085 pages (at 96 pages/min), scraped 5816 items (at 95 items/min)
2024-11-20 01:06:26 [scrapy.extensions.logstats] INFO: Crawled 6182 pages (at 97 pages/min), scraped 5911 items (at 95 items/min)
2024-11-20 01:07:26 [scrapy.extensions.logstats] INFO: Crawled 6280 pages (at 98 pages/min), scraped 6008 items (at 97 items/min)
2024-11-20 01:08:26 [scrapy.extensions.logstats] INFO: Crawled 6382 pages (at 102 pages/min), scraped 6110 items (at 102 items/min)
2024-11-20 01:09:26 [scrapy.extensions.logstats] INFO: Crawled 6479 pages (at 97 pages/min), scraped 6207 items (at 97 items/min)
2024-11-20 01:10:26 [scrapy.extensions.logstats] INFO: Crawled 6573 pages (at 94 pages/min), scraped 6301 items (at 94 items/min)
2024-11-20 01:11:26 [scrapy.extensions.logstats] INFO: Crawled 6669 pages (at 96 pages/min), scraped 6397 items (at 96 items/min)
2024-11-20 01:12:26 [scrapy.extensions.logstats] INFO: Crawled 6766 pages (at 97 pages/min), scraped 6493 items (at 96 items/min)
2024-11-20 01:13:26 [scrapy.extensions.logstats] INFO: Crawled 6865 pages (at 99 pages/min), scraped 6592 items (at 99 items/min)
2024-11-20 01:14:26 [scrapy.extensions.logstats] INFO: Crawled 6963 pages (at 98 pages/min), scraped 6685 items (at 93 items/min)
2024-11-20 01:15:26 [scrapy.extensions.logstats] INFO: Crawled 7057 pages (at 94 pages/min), scraped 6779 items (at 94 items/min)
2024-11-20 01:16:09 [scrapy.spidermiddlewares.httperror] INFO: Ignoring response <402 https://api.flightradar24.com/common/v1/flight-playback.json?flightId=38091d8a&timestamp=&token=&pk=>: HTTP status code is not handled or not allowed
2024-11-20 01:16:11 [scrapy.spidermiddlewares.httperror] INFO: Ignoring response <402 https://api.flightradar24.com/common/v1/flight-playback.json?flightId=3808f08f&timestamp=&token=&pk=>: HTTP status code is not handled or not allowed
2024-11-20 01:16:13 [scrapy.spidermiddlewares.httperror] INFO: Ignoring response <402 https://api.flightradar24.com/common/v1/flight-playback.json?flightId=3808ce44&timestamp=&token=&pk=>: HTTP status code is not handled or not allowed
2024-11-20 01:16:14 [scrapy.spidermiddlewares.httperror] INFO: Ignoring response <402 https://api.flightradar24.com/common/v1/flight-playback.json?flightId=3809236a&timestamp=&token=&pk=>: HTTP status code is not handled or not allowed
2024-11-20 01:16:16 [scrapy.spidermiddlewares.httperror] INFO: Ignoring response <402 https://api.flightradar24.com/common/v1/flight-playback.json?flightId=38090140&timestamp=&token=&pk=>: HTTP status code is not handled or not allowed
2024-11-20 01:16:18 [scrapy.spidermiddlewares.httperror] INFO: Ignoring response <402 https://api.flightradar24.com/common/v1/flight-playback.json?flightId=380913f2&timestamp=&token=&pk=>: HTTP status code is not handled or not allowed
2024-11-20 01:16:21 [scrapy.spidermiddlewares.httperror] INFO: Ignoring response <402 https://api.flightradar24.com/common/v1/flight-playback.json?flightId=38090a8b&timestamp=&token=&pk=>: HTTP status code is not handled or not allowed
2024-11-20 01:16:22 [scrapy.spidermiddlewares.httperror] INFO: Ignoring response <402 https://api.flightradar24.com/common/v1/flight-playback.json?flightId=3808bf1a&timestamp=&token=&pk=>: HTTP status code is not handled or not allowed
2024-11-20 01:16:23 [scrapy.spidermiddlewares.httperror] INFO: Ignoring response <402 https://api.flightradar24.com/common/v1/flight-playback.json?flightId=3808ea13&timestamp=&token=&pk=>: HTTP status code is not handled or not allowed
2024-11-20 01:16:25 [scrapy.spidermiddlewares.httperror] INFO: Ignoring response <402 https://api.flightradar24.com/common/v1/flight-playback.json?flightId=3808ea02&timestamp=&token=&pk=>: HTTP status code is not handled or not allowed
2024-11-20 01:16:26 [scrapy.extensions.logstats] INFO: Crawled 7154 pages (at 97 pages/min), scraped 6866 items (at 87 items/min)
2024-11-20 01:16:27 [scrapy.spidermiddlewares.httperror] INFO: Ignoring response <402 https://api.flightradar24.com/common/v1/flight-playback.json?flightId=3809104a&timestamp=&token=&pk=>: HTTP status code is not handled or not allowed
2024-11-20 01:16:28 [scrapy.spidermiddlewares.httperror] INFO: Ignoring response <402 https://api.flightradar24.com/common/v1/flight-playback.json?flightId=3808f099&timestamp=&token=&pk=>: HTTP status code is not handled or not allowed
2024-11-20 01:16:29 [scrapy.spidermiddlewares.httperror] INFO: Ignoring response <402 https://api.flightradar24.com/common/v1/flight-playback.json?flightId=380936b5&timestamp=&token=&pk=>: HTTP status code is not handled or not allowed
2024-11-20 01:16:31 [scrapy.spidermiddlewares.httperror] INFO: Ignoring response <402 https://api.flightradar24.com/common/v1/flight-playback.json?flightId=3808e992&timestamp=&token=&pk=>: HTTP status code is not handled or not allowed
2024-11-20 01:16:32 [scrapy.spidermiddlewares.httperror] INFO: Ignoring response <402 https://api.flightradar24.com/common/v1/flight-playback.json?flightId=3808fcd3&timestamp=&token=&pk=>: HTTP status code is not handled or not allowed
2024-11-20 01:16:33 [scrapy.spidermiddlewares.httperror] INFO: Ignoring response <402 https://api.flightradar24.com/common/v1/flight-playback.json?flightId=3808f195&timestamp=&token=&pk=>: HTTP status code is not handled or not allowed
2024-11-20 01:16:35 [scrapy.spidermiddlewares.httperror] INFO: Ignoring response <402 https://api.flightradar24.com/common/v1/flight-playback.json?flightId=380917e6&timestamp=&token=&pk=>: HTTP status code is not handled or not allowed
2024-11-20 01:16:36 [scrapy.spidermiddlewares.httperror] INFO: Ignoring response <402 https://api.flightradar24.com/common/v1/flight-playback.json?flightId=380901bc&timestamp=&token=&pk=>: HTTP status code is not handled or not allowed
2024-11-20 01:16:37 [scrapy.spidermiddlewares.httperror] INFO: Ignoring response <402 https://api.flightradar24.com/common/v1/flight-playback.json?flightId=380965c7&timestamp=&token=&pk=>: HTTP status code is not handled or not allowed
2024-11-20 01:16:39 [scrapy.spidermiddlewares.httperror] INFO: Ignoring response <402 https://api.flightradar24.com/common/v1/flight-playback.json?flightId=38092148&timestamp=&token=&pk=>: HTTP status code is not handled or not allowed
2024-11-20 01:16:41 [scrapy.spidermiddlewares.httperror] INFO: Ignoring response <402 https://api.flightradar24.com/common/v1/flight-playback.json?flightId=38090299&timestamp=&token=&pk=>: HTTP status code is not handled or not allowed
2024-11-20 01:16:43 [scrapy.spidermiddlewares.httperror] INFO: Ignoring response <402 https://api.flightradar24.com/common/v1/flight-playback.json?flightId=38092c3f&timestamp=&token=&pk=>: HTTP status code is not handled or not allowed
2024-11-20 01:16:45 [scrapy.spidermiddlewares.httperror] INFO: Ignoring response <402 https://api.flightradar24.com/common/v1/flight-playback.json?flightId=3809062b&timestamp=&token=&pk=>: HTTP status code is not handled or not allowed
2024-11-20 01:16:46 [scrapy.spidermiddlewares.httperror] INFO: Ignoring response <402 https://api.flightradar24.com/common/v1/flight-playback.json?flightId=3809267a&timestamp=&token=&pk=>: HTTP status code is not handled or not allowed
2024-11-20 01:16:48 [scrapy.spidermiddlewares.httperror] INFO: Ignoring response <402 https://api.flightradar24.com/common/v1/flight-playback.json?flightId=38093af5&timestamp=&token=&pk=>: HTTP status code is not handled or not allowed
2024-11-20 01:16:50 [scrapy.spidermiddlewares.httperror] INFO: Ignoring response <402 https://api.flightradar24.com/common/v1/flight-playback.json?flightId=38087938&timestamp=&token=&pk=>: HTTP status code is not handled or not allowed
2024-11-20 01:16:51 [scrapy.spidermiddlewares.httperror] INFO: Ignoring response <402 https://api.flightradar24.com/common/v1/flight-playback.json?flightId=380880d6&timestamp=&token=&pk=>: HTTP status code is not handled or not allowed
2024-11-20 01:16:52 [scrapy.spidermiddlewares.httperror] INFO: Ignoring response <402 https://api.flightradar24.com/common/v1/flight-playback.json?flightId=38085d25&timestamp=&token=&pk=>: HTTP status code is not handled or not allowed
2024-11-20 01:16:54 [scrapy.spidermiddlewares.httperror] INFO: Ignoring response <402 https://api.flightradar24.com/common/v1/flight-playback.json?flightId=38087593&timestamp=&token=&pk=>: HTTP status code is not handled or not allowed
2024-11-20 01:16:54 [scrapy.spidermiddlewares.httperror] INFO: Ignoring response <402 https://api.flightradar24.com/common/v1/flight-playback.json?flightId=3808705c&timestamp=&token=&pk=>: HTTP status code is not handled or not allowed
2024-11-20 01:16:57 [scrapy.spidermiddlewares.httperror] INFO: Ignoring response <402 https://api.flightradar24.com/common/v1/flight-playback.json?flightId=38086661&timestamp=&token=&pk=>: HTTP status code is not handled or not allowed
2024-11-20 01:17:00 [scrapy.spidermiddlewares.httperror] INFO: Ignoring response <402 https://api.flightradar24.com/common/v1/flight-playback.json?flightId=38070027&timestamp=&token=&pk=>: HTTP status code is not handled or not allowed
2024-11-20 01:17:01 [scrapy.spidermiddlewares.httperror] INFO: Ignoring response <402 https://api.flightradar24.com/common/v1/flight-playback.json?flightId=38088ec9&timestamp=&token=&pk=>: HTTP status code is not handled or not allowed
2024-11-20 01:17:02 [scrapy.spidermiddlewares.httperror] INFO: Ignoring response <402 https://api.flightradar24.com/common/v1/flight-playback.json?flightId=380893ff&timestamp=&token=&pk=>: HTTP status code is not handled or not allowed
2024-11-20 01:17:04 [scrapy.spidermiddlewares.httperror] INFO: Ignoring response <402 https://api.flightradar24.com/common/v1/flight-playback.json?flightId=38088201&timestamp=&token=&pk=>: HTTP status code is not handled or not allowed
2024-11-20 01:17:06 [scrapy.spidermiddlewares.httperror] INFO: Ignoring response <402 https://api.flightradar24.com/common/v1/flight-playback.json?flightId=38088ecf&timestamp=&token=&pk=>: HTTP status code is not handled or not allowed
2024-11-20 01:17:07 [scrapy.spidermiddlewares.httperror] INFO: Ignoring response <402 https://api.flightradar24.com/common/v1/flight-playback.json?flightId=380886f6&timestamp=&token=&pk=>: HTTP status code is not handled or not allowed
2024-11-20 01:17:08 [scrapy.spidermiddlewares.httperror] INFO: Ignoring response <402 https://api.flightradar24.com/common/v1/flight-playback.json?flightId=38089524&timestamp=&token=&pk=>: HTTP status code is not handled or not allowed
2024-11-20 01:17:09 [scrapy.spidermiddlewares.httperror] INFO: Ignoring response <402 https://api.flightradar24.com/common/v1/flight-playback.json?flightId=38089d80&timestamp=&token=&pk=>: HTTP status code is not handled or not allowed
2024-11-20 01:17:10 [scrapy.spidermiddlewares.httperror] INFO: Ignoring response <402 https://api.flightradar24.com/common/v1/flight-playback.json?flightId=38084b7b&timestamp=&token=&pk=>: HTTP status code is not handled or not allowed
2024-11-20 01:17:12 [scrapy.spidermiddlewares.httperror] INFO: Ignoring response <402 https://api.flightradar24.com/common/v1/flight-playback.json?flightId=380895d7&timestamp=&token=&pk=>: HTTP status code is not handled or not allowed
2024-11-20 01:17:14 [scrapy.spidermiddlewares.httperror] INFO: Ignoring response <402 https://api.flightradar24.com/common/v1/flight-playback.json?flightId=38087f80&timestamp=&token=&pk=>: HTTP status code is not handled or not allowed
2024-11-20 01:17:15 [scrapy.spidermiddlewares.httperror] INFO: Ignoring response <402 https://api.flightradar24.com/common/v1/flight-playback.json?flightId=3808e07b&timestamp=&token=&pk=>: HTTP status code is not handled or not allowed
2024-11-20 01:17:16 [scrapy.spidermiddlewares.httperror] INFO: Ignoring response <402 https://api.flightradar24.com/common/v1/flight-playback.json?flightId=3808b9f4&timestamp=&token=&pk=>: HTTP status code is not handled or not allowed
2024-11-20 01:17:18 [scrapy.spidermiddlewares.httperror] INFO: Ignoring response <402 https://api.flightradar24.com/common/v1/flight-playback.json?flightId=3808cb3b&timestamp=&token=&pk=>: HTTP status code is not handled or not allowed
2024-11-20 01:17:20 [scrapy.spidermiddlewares.httperror] INFO: Ignoring response <402 https://api.flightradar24.com/common/v1/flight-playback.json?flightId=3808b1af&timestamp=&token=&pk=>: HTTP status code is not handled or not allowed
2024-11-20 01:17:21 [scrapy.spidermiddlewares.httperror] INFO: Ignoring response <402 https://api.flightradar24.com/common/v1/flight-playback.json?flightId=38074794&timestamp=&token=&pk=>: HTTP status code is not handled or not allowed
2024-11-20 01:17:23 [scrapy.spidermiddlewares.httperror] INFO: Ignoring response <402 https://api.flightradar24.com/common/v1/flight-playback.json?flightId=3808b3c7&timestamp=&token=&pk=>: HTTP status code is not handled or not allowed
2024-11-20 01:17:24 [scrapy.spidermiddlewares.httperror] INFO: Ignoring response <402 https://api.flightradar24.com/common/v1/flight-playback.json?flightId=38089c45&timestamp=&token=&pk=>: HTTP status code is not handled or not allowed
2024-11-20 01:17:26 [scrapy.extensions.logstats] INFO: Crawled 7253 pages (at 99 pages/min), scraped 6926 items (at 60 items/min)
2024-11-20 01:17:27 [scrapy.spidermiddlewares.httperror] INFO: Ignoring response <402 https://api.flightradar24.com/common/v1/flight-playback.json?flightId=3809029f&timestamp=&token=&pk=>: HTTP status code is not handled or not allowed
2024-11-20 01:17:27 [scrapy.spidermiddlewares.httperror] INFO: Ignoring response <402 https://api.flightradar24.com/common/v1/flight-playback.json?flightId=3808b1a7&timestamp=&token=&pk=>: HTTP status code is not handled or not allowed
2024-11-20 01:17:28 [scrapy.spidermiddlewares.httperror] INFO: Ignoring response <402 https://api.flightradar24.com/common/v1/flight-playback.json?flightId=3808c13e&timestamp=&token=&pk=>: HTTP status code is not handled or not allowed
2024-11-20 01:17:30 [scrapy.spidermiddlewares.httperror] INFO: Ignoring response <402 https://api.flightradar24.com/common/v1/flight-playback.json?flightId=3808b58b&timestamp=&token=&pk=>: HTTP status code is not handled or not allowed
2024-11-20 01:17:32 [scrapy.spidermiddlewares.httperror] INFO: Ignoring response <402 https://api.flightradar24.com/common/v1/flight-playback.json?flightId=3808ec58&timestamp=&token=&pk=>: HTTP status code is not handled or not allowed
2024-11-20 01:17:32 [scrapy.spidermiddlewares.httperror] INFO: Ignoring response <402 https://api.flightradar24.com/common/v1/flight-playback.json?flightId=3808bb46&timestamp=&token=&pk=>: HTTP status code is not handled or not allowed
2024-11-20 01:17:34 [scrapy.spidermiddlewares.httperror] INFO: Ignoring response <402 https://api.flightradar24.com/common/v1/flight-playback.json?flightId=3808f6f9&timestamp=&token=&pk=>: HTTP status code is not handled or not allowed
2024-11-20 01:17:35 [scrapy.spidermiddlewares.httperror] INFO: Ignoring response <402 https://api.flightradar24.com/common/v1/flight-playback.json?flightId=3808d0d6&timestamp=&token=&pk=>: HTTP status code is not handled or not allowed
2024-11-20 01:17:37 [scrapy.spidermiddlewares.httperror] INFO: Ignoring response <402 https://api.flightradar24.com/common/v1/flight-playback.json?flightId=3807af11&timestamp=&token=&pk=>: HTTP status code is not handled or not allowed
2024-11-20 01:17:38 [scrapy.spidermiddlewares.httperror] INFO: Ignoring response <402 https://api.flightradar24.com/common/v1/flight-playback.json?flightId=3808b1e0&timestamp=&token=&pk=>: HTTP status code is not handled or not allowed
2024-11-20 01:17:39 [scrapy.spidermiddlewares.httperror] INFO: Ignoring response <402 https://api.flightradar24.com/common/v1/flight-playback.json?flightId=3808ce57&timestamp=&token=&pk=>: HTTP status code is not handled or not allowed
2024-11-20 01:17:39 [scrapy.spidermiddlewares.httperror] INFO: Ignoring response <402 https://api.flightradar24.com/common/v1/flight-playback.json?flightId=3808a4e7&timestamp=&token=&pk=>: HTTP status code is not handled or not allowed
2024-11-20 01:17:41 [scrapy.spidermiddlewares.httperror] INFO: Ignoring response <402 https://api.flightradar24.com/common/v1/flight-playback.json?flightId=3808dc12&timestamp=&token=&pk=>: HTTP status code is not handled or not allowed
2024-11-20 01:17:51 [scrapy.spidermiddlewares.httperror] INFO: Ignoring response <402 https://api.flightradar24.com/common/v1/flight-playback.json?flightId=3807af48&timestamp=&token=&pk=>: HTTP status code is not handled or not allowed
2024-11-20 01:18:18 [scrapy.spidermiddlewares.httperror] INFO: Ignoring response <402 https://api.flightradar24.com/common/v1/flight-playback.json?flightId=38070278&timestamp=&token=&pk=>: HTTP status code is not handled or not allowed
2024-11-20 01:18:26 [scrapy.extensions.logstats] INFO: Crawled 7353 pages (at 100 pages/min), scraped 7011 items (at 85 items/min)
2024-11-20 01:18:31 [scrapy.spidermiddlewares.httperror] INFO: Ignoring response <402 https://api.flightradar24.com/common/v1/flight-playback.json?flightId=3806e1e3&timestamp=&token=&pk=>: HTTP status code is not handled or not allowed
2024-11-20 01:18:41 [scrapy.spidermiddlewares.httperror] INFO: Ignoring response <402 https://api.flightradar24.com/common/v1/flight-playback.json?flightId=380740b3&timestamp=&token=&pk=>: HTTP status code is not handled or not allowed
2024-11-20 01:18:58 [scrapy.spidermiddlewares.httperror] INFO: Ignoring response <402 https://api.flightradar24.com/common/v1/flight-playback.json?flightId=3809a582&timestamp=&token=&pk=>: HTTP status code is not handled or not allowed
2024-11-20 01:19:02 [scrapy.spidermiddlewares.httperror] INFO: Ignoring response <402 https://api.flightradar24.com/common/v1/flight-playback.json?flightId=3809639f&timestamp=&token=&pk=>: HTTP status code is not handled or not allowed
2024-11-20 01:19:07 [scrapy.spidermiddlewares.httperror] INFO: Ignoring response <402 https://api.flightradar24.com/common/v1/flight-playback.json?flightId=38093067&timestamp=&token=&pk=>: HTTP status code is not handled or not allowed
2024-11-20 01:19:13 [scrapy.spidermiddlewares.httperror] INFO: Ignoring response <402 https://api.flightradar24.com/common/v1/flight-playback.json?flightId=3808dcbf&timestamp=&token=&pk=>: HTTP status code is not handled or not allowed
2024-11-20 01:19:26 [scrapy.extensions.logstats] INFO: Crawled 7452 pages (at 99 pages/min), scraped 7103 items (at 92 items/min)
2024-11-20 01:19:26 [scrapy.spidermiddlewares.httperror] INFO: Ignoring response <402 https://api.flightradar24.com/common/v1/flight-playback.json?flightId=3809cefe&timestamp=&token=&pk=>: HTTP status code is not handled or not allowed
2024-11-20 01:19:35 [scrapy.spidermiddlewares.httperror] INFO: Ignoring response <402 https://api.flightradar24.com/common/v1/flight-playback.json?flightId=3809b43a&timestamp=&token=&pk=>: HTTP status code is not handled or not allowed
2024-11-20 01:19:46 [scrapy.spidermiddlewares.httperror] INFO: Ignoring response <402 https://api.flightradar24.com/common/v1/flight-playback.json?flightId=3809fafd&timestamp=&token=&pk=>: HTTP status code is not handled or not allowed
2024-11-20 01:19:57 [scrapy.spidermiddlewares.httperror] INFO: Ignoring response <402 https://api.flightradar24.com/common/v1/flight-playback.json?flightId=38083cf6&timestamp=&token=&pk=>: HTTP status code is not handled or not allowed
2024-11-20 01:20:09 [scrapy.spidermiddlewares.httperror] INFO: Ignoring response <402 https://api.flightradar24.com/common/v1/flight-playback.json?flightId=38092a9f&timestamp=&token=&pk=>: HTTP status code is not handled or not allowed
2024-11-20 01:20:26 [scrapy.extensions.logstats] INFO: Crawled 7549 pages (at 97 pages/min), scraped 7193 items (at 90 items/min)
2024-11-20 01:20:36 [scrapy.spidermiddlewares.httperror] INFO: Ignoring response <402 https://api.flightradar24.com/common/v1/flight-playback.json?flightId=380988fa&timestamp=&token=&pk=>: HTTP status code is not handled or not allowed
2024-11-20 01:20:47 [scrapy.spidermiddlewares.httperror] INFO: Ignoring response <402 https://api.flightradar24.com/common/v1/airport.json?code=PVG&plugin%5B%5D=schedule&plugin-setting%5Bschedule%5D%5Bmode%5D=arrivals&plugin-setting%5Bschedule%5D%5Btimestamp%5D=1732032206&limit=100&page=-3&token=kcwaIAYjUVY_Kf7m7DUD8U15YnkB6Y2WatzcaQ7qvjo>: HTTP status code is not handled or not allowed
2024-11-20 01:20:59 [scrapy.spidermiddlewares.httperror] INFO: Ignoring response <402 https://api.flightradar24.com/common/v1/airport.json?code=TAO&plugin%5B%5D=schedule&plugin-setting%5Bschedule%5D%5Bmode%5D=arrivals&plugin-setting%5Bschedule%5D%5Btimestamp%5D=1732032206&limit=100&page=1&token=kcwaIAYjUVY_Kf7m7DUD8U15YnkB6Y2WatzcaQ7qvjo>: HTTP status code is not handled or not allowed
2024-11-20 01:21:15 [scrapy.spidermiddlewares.httperror] INFO: Ignoring response <402 https://api.flightradar24.com/common/v1/flight-playback.json?flightId=3809435c&timestamp=&token=&pk=>: HTTP status code is not handled or not allowed
2024-11-20 01:21:20 [scrapy.spidermiddlewares.httperror] INFO: Ignoring response <402 https://api.flightradar24.com/common/v1/airport.json?code=CGO&plugin%5B%5D=schedule&plugin-setting%5Bschedule%5D%5Bmode%5D=arrivals&plugin-setting%5Bschedule%5D%5Btimestamp%5D=1732032206&limit=100&page=-4&token=kcwaIAYjUVY_Kf7m7DUD8U15YnkB6Y2WatzcaQ7qvjo>: HTTP status code is not handled or not allowed
2024-11-20 01:21:26 [scrapy.extensions.logstats] INFO: Crawled 7647 pages (at 98 pages/min), scraped 7235 items (at 42 items/min)
2024-11-20 01:21:26 [scrapy.spidermiddlewares.httperror] INFO: Ignoring response <402 https://api.flightradar24.com/common/v1/flight-playback.json?flightId=3809ab21&timestamp=&token=&pk=>: HTTP status code is not handled or not allowed
2024-11-20 01:21:48 [scrapy.spidermiddlewares.httperror] INFO: Ignoring response <402 https://api.flightradar24.com/common/v1/flight-playback.json?flightId=38095a0c&timestamp=&token=&pk=>: HTTP status code is not handled or not allowed
2024-11-20 01:22:19 [scrapy.spidermiddlewares.httperror] INFO: Ignoring response <402 https://api.flightradar24.com/common/v1/flight-playback.json?flightId=3809ce93&timestamp=&token=&pk=>: HTTP status code is not handled or not allowed
2024-11-20 01:22:26 [scrapy.extensions.logstats] INFO: Crawled 7741 pages (at 94 pages/min), scraped 7324 items (at 89 items/min)
2024-11-20 01:22:27 [scrapy.spidermiddlewares.httperror] INFO: Ignoring response <402 https://api.flightradar24.com/common/v1/flight-playback.json?flightId=3809a160&timestamp=&token=&pk=>: HTTP status code is not handled or not allowed
2024-11-20 01:22:34 [scrapy.spidermiddlewares.httperror] INFO: Ignoring response <402 https://api.flightradar24.com/common/v1/flight-playback.json?flightId=3809d429&timestamp=&token=&pk=>: HTTP status code is not handled or not allowed
2024-11-20 01:22:40 [scrapy.spidermiddlewares.httperror] INFO: Ignoring response <402 https://api.flightradar24.com/common/v1/flight-playback.json?flightId=3808af64&timestamp=&token=&pk=>: HTTP status code is not handled or not allowed
2024-11-20 01:22:50 [scrapy.spidermiddlewares.httperror] INFO: Ignoring response <402 https://api.flightradar24.com/common/v1/flight-playback.json?flightId=38091b41&timestamp=&token=&pk=>: HTTP status code is not handled or not allowed
2024-11-20 01:22:56 [scrapy.spidermiddlewares.httperror] INFO: Ignoring response <402 https://api.flightradar24.com/common/v1/flight-playback.json?flightId=3808df21&timestamp=&token=&pk=>: HTTP status code is not handled or not allowed
2024-11-20 01:23:09 [scrapy.spidermiddlewares.httperror] INFO: Ignoring response <402 https://api.flightradar24.com/common/v1/flight-playback.json?flightId=380918da&timestamp=&token=&pk=>: HTTP status code is not handled or not allowed
2024-11-20 01:23:17 [scrapy.spidermiddlewares.httperror] INFO: Ignoring response <402 https://api.flightradar24.com/common/v1/flight-playback.json?flightId=38093db3&timestamp=&token=&pk=>: HTTP status code is not handled or not allowed
2024-11-20 01:23:26 [scrapy.extensions.logstats] INFO: Crawled 7842 pages (at 101 pages/min), scraped 7414 items (at 90 items/min)
2024-11-20 01:23:34 [scrapy.spidermiddlewares.httperror] INFO: Ignoring response <402 https://api.flightradar24.com/common/v1/flight-playback.json?flightId=3808fcff&timestamp=&token=&pk=>: HTTP status code is not handled or not allowed
2024-11-20 01:23:45 [scrapy.spidermiddlewares.httperror] INFO: Ignoring response <402 https://api.flightradar24.com/common/v1/flight-playback.json?flightId=38087661&timestamp=&token=&pk=>: HTTP status code is not handled or not allowed
2024-11-20 01:23:57 [scrapy.spidermiddlewares.httperror] INFO: Ignoring response <402 https://api.flightradar24.com/common/v1/flight-playback.json?flightId=3808a578&timestamp=&token=&pk=>: HTTP status code is not handled or not allowed
2024-11-20 01:24:14 [scrapy.spidermiddlewares.httperror] INFO: Ignoring response <402 https://api.flightradar24.com/common/v1/flight-playback.json?flightId=3808f495&timestamp=&token=&pk=>: HTTP status code is not handled or not allowed
2024-11-20 01:24:26 [scrapy.extensions.logstats] INFO: Crawled 7940 pages (at 98 pages/min), scraped 7505 items (at 91 items/min)
2024-11-20 01:24:27 [scrapy.spidermiddlewares.httperror] INFO: Ignoring response <402 https://api.flightradar24.com/common/v1/flight-playback.json?flightId=380933cb&timestamp=&token=&pk=>: HTTP status code is not handled or not allowed
2024-11-20 01:24:33 [scrapy.spidermiddlewares.httperror] INFO: Ignoring response <402 https://api.flightradar24.com/common/v1/flight-playback.json?flightId=38096129&timestamp=&token=&pk=>: HTTP status code is not handled or not allowed
2024-11-20 01:24:39 [scrapy.spidermiddlewares.httperror] INFO: Ignoring response <402 https://api.flightradar24.com/common/v1/flight-playback.json?flightId=3809afcc&timestamp=&token=&pk=>: HTTP status code is not handled or not allowed
2024-11-20 01:24:58 [scrapy.spidermiddlewares.httperror] INFO: Ignoring response <402 https://api.flightradar24.com/common/v1/flight-playback.json?flightId=3809f629&timestamp=&token=&pk=>: HTTP status code is not handled or not allowed
2024-11-20 01:25:08 [scrapy.spidermiddlewares.httperror] INFO: Ignoring response <402 https://api.flightradar24.com/common/v1/flight-playback.json?flightId=38073b34&timestamp=&token=&pk=>: HTTP status code is not handled or not allowed
2024-11-20 01:25:20 [scrapy.spidermiddlewares.httperror] INFO: Ignoring response <402 https://api.flightradar24.com/common/v1/flight-playback.json?flightId=3808d91d&timestamp=&token=&pk=>: HTTP status code is not handled or not allowed
2024-11-20 01:25:26 [scrapy.extensions.logstats] INFO: Crawled 8038 pages (at 98 pages/min), scraped 7596 items (at 91 items/min)
2024-11-20 01:25:52 [scrapy.spidermiddlewares.httperror] INFO: Ignoring response <402 https://api.flightradar24.com/common/v1/flight-playback.json?flightId=3809b20c&timestamp=&token=&pk=>: HTTP status code is not handled or not allowed
2024-11-20 01:25:56 [scrapy.spidermiddlewares.httperror] INFO: Ignoring response <402 https://api.flightradar24.com/common/v1/flight-playback.json?flightId=380a12dc&timestamp=&token=&pk=>: HTTP status code is not handled or not allowed
2024-11-20 01:25:59 [scrapy.spidermiddlewares.httperror] INFO: Ignoring response <402 https://api.flightradar24.com/common/v1/flight-playback.json?flightId=3806d2b3&timestamp=&token=&pk=>: HTTP status code is not handled or not allowed
2024-11-20 01:26:06 [scrapy.spidermiddlewares.httperror] INFO: Ignoring response <402 https://api.flightradar24.com/common/v1/flight-playback.json?flightId=380682df&timestamp=&token=&pk=>: HTTP status code is not handled or not allowed
2024-11-20 01:26:19 [scrapy.spidermiddlewares.httperror] INFO: Ignoring response <402 https://api.flightradar24.com/common/v1/flight-playback.json?flightId=380885b9&timestamp=&token=&pk=>: HTTP status code is not handled or not allowed
2024-11-20 01:26:26 [scrapy.extensions.logstats] INFO: Crawled 8136 pages (at 98 pages/min), scraped 7690 items (at 94 items/min)
2024-11-20 01:26:31 [scrapy.spidermiddlewares.httperror] INFO: Ignoring response <402 https://api.flightradar24.com/common/v1/flight-playback.json?flightId=38091188&timestamp=&token=&pk=>: HTTP status code is not handled or not allowed
2024-11-20 01:26:59 [scrapy.spidermiddlewares.httperror] INFO: Ignoring response <402 https://api.flightradar24.com/common/v1/flight-playback.json?flightId=38086f02&timestamp=&token=&pk=>: HTTP status code is not handled or not allowed
2024-11-20 01:27:05 [scrapy.spidermiddlewares.httperror] INFO: Ignoring response <402 https://api.flightradar24.com/common/v1/flight-playback.json?flightId=3808be9c&timestamp=&token=&pk=>: HTTP status code is not handled or not allowed
2024-11-20 01:27:18 [scrapy.spidermiddlewares.httperror] INFO: Ignoring response <402 https://api.flightradar24.com/common/v1/flight-playback.json?flightId=38090cd2&timestamp=&token=&pk=>: HTTP status code is not handled or not allowed
2024-11-20 01:27:26 [scrapy.extensions.logstats] INFO: Crawled 8232 pages (at 96 pages/min), scraped 7782 items (at 92 items/min)
2024-11-20 01:27:38 [scrapy.spidermiddlewares.httperror] INFO: Ignoring response <402 https://api.flightradar24.com/common/v1/flight-playback.json?flightId=3809e66a&timestamp=&token=&pk=>: HTTP status code is not handled or not allowed
2024-11-20 01:27:41 [scrapy.spidermiddlewares.httperror] INFO: Ignoring response <402 https://api.flightradar24.com/common/v1/flight-playback.json?flightId=3809b798&timestamp=&token=&pk=>: HTTP status code is not handled or not allowed
2024-11-20 01:27:52 [scrapy.spidermiddlewares.httperror] INFO: Ignoring response <402 https://api.flightradar24.com/common/v1/flight-playback.json?flightId=3808a453&timestamp=&token=&pk=>: HTTP status code is not handled or not allowed
2024-11-20 01:28:05 [scrapy.spidermiddlewares.httperror] INFO: Ignoring response <402 https://api.flightradar24.com/common/v1/flight-playback.json?flightId=3809434d&timestamp=&token=&pk=>: HTTP status code is not handled or not allowed
2024-11-20 01:28:15 [scrapy.spidermiddlewares.httperror] INFO: Ignoring response <402 https://api.flightradar24.com/common/v1/flight-playback.json?flightId=38098f88&timestamp=&token=&pk=>: HTTP status code is not handled or not allowed
2024-11-20 01:28:22 [scrapy.spidermiddlewares.httperror] INFO: Ignoring response <402 https://api.flightradar24.com/common/v1/flight-playback.json?flightId=3809a800&timestamp=&token=&pk=>: HTTP status code is not handled or not allowed
2024-11-20 01:28:26 [scrapy.extensions.logstats] INFO: Crawled 8330 pages (at 98 pages/min), scraped 7874 items (at 92 items/min)
2024-11-20 01:28:37 [scrapy.spidermiddlewares.httperror] INFO: Ignoring response <402 https://api.flightradar24.com/common/v1/flight-playback.json?flightId=3809dec7&timestamp=&token=&pk=>: HTTP status code is not handled or not allowed
2024-11-20 01:28:47 [scrapy.spidermiddlewares.httperror] INFO: Ignoring response <402 https://api.flightradar24.com/common/v1/flight-playback.json?flightId=3808da35&timestamp=&token=&pk=>: HTTP status code is not handled or not allowed
2024-11-20 01:28:55 [scrapy.spidermiddlewares.httperror] INFO: Ignoring response <402 https://api.flightradar24.com/common/v1/flight-playback.json?flightId=38091521&timestamp=&token=&pk=>: HTTP status code is not handled or not allowed
2024-11-20 01:29:08 [scrapy.spidermiddlewares.httperror] INFO: Ignoring response <402 https://api.flightradar24.com/common/v1/flight-playback.json?flightId=38093c48&timestamp=&token=&pk=>: HTTP status code is not handled or not allowed
2024-11-20 01:29:12 [scrapy.spidermiddlewares.httperror] INFO: Ignoring response <402 https://api.flightradar24.com/common/v1/flight-playback.json?flightId=3809823c&timestamp=&token=&pk=>: HTTP status code is not handled or not allowed
2024-11-20 01:29:20 [scrapy.spidermiddlewares.httperror] INFO: Ignoring response <402 https://api.flightradar24.com/common/v1/flight-playback.json?flightId=3809b514&timestamp=&token=&pk=>: HTTP status code is not handled or not allowed
2024-11-20 01:29:26 [scrapy.extensions.logstats] INFO: Crawled 8429 pages (at 99 pages/min), scraped 7966 items (at 92 items/min)
2024-11-20 01:29:31 [scrapy.spidermiddlewares.httperror] INFO: Ignoring response <402 https://api.flightradar24.com/common/v1/flight-playback.json?flightId=3808e168&timestamp=&token=&pk=>: HTTP status code is not handled or not allowed
2024-11-20 01:29:40 [scrapy.spidermiddlewares.httperror] INFO: Ignoring response <402 https://api.flightradar24.com/common/v1/flight-playback.json?flightId=3808e477&timestamp=&token=&pk=>: HTTP status code is not handled or not allowed
2024-11-20 01:29:48 [scrapy.spidermiddlewares.httperror] INFO: Ignoring response <402 https://api.flightradar24.com/common/v1/flight-playback.json?flightId=380909c0&timestamp=&token=&pk=>: HTTP status code is not handled or not allowed
2024-11-20 01:30:01 [scrapy.spidermiddlewares.httperror] INFO: Ignoring response <402 https://api.flightradar24.com/common/v1/flight-playback.json?flightId=3809511e&timestamp=&token=&pk=>: HTTP status code is not handled or not allowed
2024-11-20 01:30:09 [scrapy.spidermiddlewares.httperror] INFO: Ignoring response <402 https://api.flightradar24.com/common/v1/flight-playback.json?flightId=38097846&timestamp=&token=&pk=>: HTTP status code is not handled or not allowed
2024-11-20 01:30:16 [scrapy.spidermiddlewares.httperror] INFO: Ignoring response <402 https://api.flightradar24.com/common/v1/flight-playback.json?flightId=3809c183&timestamp=&token=&pk=>: HTTP status code is not handled or not allowed
2024-11-20 01:30:18 [scrapy.spidermiddlewares.httperror] INFO: Ignoring response <402 https://api.flightradar24.com/common/v1/flight-playback.json?flightId=3809db28&timestamp=&token=&pk=>: HTTP status code is not handled or not allowed
2024-11-20 01:30:26 [scrapy.extensions.logstats] INFO: Crawled 8530 pages (at 101 pages/min), scraped 8060 items (at 94 items/min)
2024-11-20 01:30:30 [scrapy.spidermiddlewares.httperror] INFO: Ignoring response <402 https://api.flightradar24.com/common/v1/flight-playback.json?flightId=380754a1&timestamp=&token=&pk=>: HTTP status code is not handled or not allowed
2024-11-20 01:30:53 [scrapy.spidermiddlewares.httperror] INFO: Ignoring response <402 https://api.flightradar24.com/common/v1/flight-playback.json?flightId=38093b72&timestamp=&token=&pk=>: HTTP status code is not handled or not allowed
2024-11-20 01:31:00 [scrapy.spidermiddlewares.httperror] INFO: Ignoring response <402 https://api.flightradar24.com/common/v1/flight-playback.json?flightId=38094456&timestamp=&token=&pk=>: HTTP status code is not handled or not allowed
2024-11-20 01:31:24 [scrapy.spidermiddlewares.httperror] INFO: Ignoring response <402 https://api.flightradar24.com/common/v1/flight-playback.json?flightId=3809ac2d&timestamp=&token=&pk=>: HTTP status code is not handled or not allowed
2024-11-20 01:31:26 [scrapy.extensions.logstats] INFO: Crawled 8626 pages (at 96 pages/min), scraped 8147 items (at 87 items/min)
2024-11-20 01:31:38 [scrapy.spidermiddlewares.httperror] INFO: Ignoring response <402 https://api.flightradar24.com/common/v1/flight-playback.json?flightId=3809c186&timestamp=&token=&pk=>: HTTP status code is not handled or not allowed
2024-11-20 01:31:47 [scrapy.spidermiddlewares.httperror] INFO: Ignoring response <402 https://api.flightradar24.com/common/v1/flight-playback.json?flightId=3809f1d8&timestamp=&token=&pk=>: HTTP status code is not handled or not allowed
2024-11-20 01:32:01 [scrapy.spidermiddlewares.httperror] INFO: Ignoring response <402 https://api.flightradar24.com/common/v1/flight-playback.json?flightId=38095c5f&timestamp=&token=&pk=>: HTTP status code is not handled or not allowed
2024-11-20 01:32:04 [scrapy.spidermiddlewares.httperror] INFO: Ignoring response <402 https://api.flightradar24.com/common/v1/flight-playback.json?flightId=380979e8&timestamp=&token=&pk=>: HTTP status code is not handled or not allowed
2024-11-20 01:32:14 [scrapy.spidermiddlewares.httperror] INFO: Ignoring response <402 https://api.flightradar24.com/common/v1/flight-playback.json?flightId=3809ae4b&timestamp=&token=&pk=>: HTTP status code is not handled or not allowed
2024-11-20 01:32:26 [scrapy.extensions.logstats] INFO: Crawled 8723 pages (at 97 pages/min), scraped 8238 items (at 91 items/min)
2024-11-20 01:32:33 [scrapy.spidermiddlewares.httperror] INFO: Ignoring response <402 https://api.flightradar24.com/common/v1/flight-playback.json?flightId=38098597&timestamp=&token=&pk=>: HTTP status code is not handled or not allowed
2024-11-20 01:32:45 [scrapy.spidermiddlewares.httperror] INFO: Ignoring response <402 https://api.flightradar24.com/common/v1/flight-playback.json?flightId=3808e844&timestamp=&token=&pk=>: HTTP status code is not handled or not allowed
2024-11-20 01:32:47 [scrapy.spidermiddlewares.httperror] INFO: Ignoring response <402 https://api.flightradar24.com/common/v1/flight-playback.json?flightId=3808c269&timestamp=&token=&pk=>: HTTP status code is not handled or not allowed
2024-11-20 01:32:54 [scrapy.spidermiddlewares.httperror] INFO: Ignoring response <402 https://api.flightradar24.com/common/v1/flight-playback.json?flightId=380904f6&timestamp=&token=&pk=>: HTTP status code is not handled or not allowed
2024-11-20 01:33:06 [scrapy.spidermiddlewares.httperror] INFO: Ignoring response <402 https://api.flightradar24.com/common/v1/flight-playback.json?flightId=38090434&timestamp=&token=&pk=>: HTTP status code is not handled or not allowed
2024-11-20 01:33:18 [scrapy.spidermiddlewares.httperror] INFO: Ignoring response <402 https://api.flightradar24.com/common/v1/flight-playback.json?flightId=380949c4&timestamp=&token=&pk=>: HTTP status code is not handled or not allowed
2024-11-20 01:33:26 [scrapy.extensions.logstats] INFO: Crawled 8823 pages (at 100 pages/min), scraped 8331 items (at 93 items/min)
2024-11-20 01:33:30 [scrapy.spidermiddlewares.httperror] INFO: Ignoring response <402 https://api.flightradar24.com/common/v1/flight-playback.json?flightId=3809628c&timestamp=&token=&pk=>: HTTP status code is not handled or not allowed
2024-11-20 01:33:45 [scrapy.spidermiddlewares.httperror] INFO: Ignoring response <402 https://api.flightradar24.com/common/v1/flight-playback.json?flightId=3809c795&timestamp=&token=&pk=>: HTTP status code is not handled or not allowed
2024-11-20 01:33:49 [scrapy.spidermiddlewares.httperror] INFO: Ignoring response <402 https://api.flightradar24.com/common/v1/flight-playback.json?flightId=3809d7ca&timestamp=&token=&pk=>: HTTP status code is not handled or not allowed
2024-11-20 01:33:56 [scrapy.spidermiddlewares.httperror] INFO: Ignoring response <402 https://api.flightradar24.com/common/v1/flight-playback.json?flightId=38099fc1&timestamp=&token=&pk=>: HTTP status code is not handled or not allowed
2024-11-20 01:34:05 [scrapy.spidermiddlewares.httperror] INFO: Ignoring response <402 https://api.flightradar24.com/common/v1/flight-playback.json?flightId=3809ce15&timestamp=&token=&pk=>: HTTP status code is not handled or not allowed
2024-11-20 01:34:08 [scrapy.spidermiddlewares.httperror] INFO: Ignoring response <402 https://api.flightradar24.com/common/v1/flight-playback.json?flightId=3809bcc9&timestamp=&token=&pk=>: HTTP status code is not handled or not allowed
2024-11-20 01:34:25 [scrapy.spidermiddlewares.httperror] INFO: Ignoring response <402 https://api.flightradar24.com/common/v1/flight-playback.json?flightId=3809eced&timestamp=&token=&pk=>: HTTP status code is not handled or not allowed
2024-11-20 01:34:26 [scrapy.extensions.logstats] INFO: Crawled 8922 pages (at 99 pages/min), scraped 8414 items (at 83 items/min)
2024-11-20 01:34:30 [scrapy.spidermiddlewares.httperror] INFO: Ignoring response <402 https://api.flightradar24.com/common/v1/flight-playback.json?flightId=380a1787&timestamp=&token=&pk=>: HTTP status code is not handled or not allowed
2024-11-20 01:34:48 [scrapy.spidermiddlewares.httperror] INFO: Ignoring response <402 https://api.flightradar24.com/common/v1/flight-playback.json?flightId=380879c9&timestamp=&token=&pk=>: HTTP status code is not handled or not allowed
2024-11-20 01:34:59 [scrapy.spidermiddlewares.httperror] INFO: Ignoring response <402 https://api.flightradar24.com/common/v1/flight-playback.json?flightId=3808a90c&timestamp=&token=&pk=>: HTTP status code is not handled or not allowed
2024-11-20 01:35:07 [scrapy.spidermiddlewares.httperror] INFO: Ignoring response <402 https://api.flightradar24.com/common/v1/flight-playback.json?flightId=3808cd14&timestamp=&token=&pk=>: HTTP status code is not handled or not allowed
2024-11-20 01:35:14 [scrapy.spidermiddlewares.httperror] INFO: Ignoring response <402 https://api.flightradar24.com/common/v1/flight-playback.json?flightId=3808d88c&timestamp=&token=&pk=>: HTTP status code is not handled or not allowed
2024-11-20 01:35:26 [scrapy.extensions.logstats] INFO: Crawled 9020 pages (at 98 pages/min), scraped 8507 items (at 93 items/min)
2024-11-20 01:35:32 [scrapy.spidermiddlewares.httperror] INFO: Ignoring response <402 https://api.flightradar24.com/common/v1/flight-playback.json?flightId=3806d971&timestamp=&token=&pk=>: HTTP status code is not handled or not allowed
2024-11-20 01:35:43 [scrapy.spidermiddlewares.httperror] INFO: Ignoring response <402 https://api.flightradar24.com/common/v1/flight-playback.json?flightId=3806adaa&timestamp=&token=&pk=>: HTTP status code is not handled or not allowed
2024-11-20 01:35:55 [scrapy.spidermiddlewares.httperror] INFO: Ignoring response <402 https://api.flightradar24.com/common/v1/flight-playback.json?flightId=38073901&timestamp=&token=&pk=>: HTTP status code is not handled or not allowed
2024-11-20 01:36:00 [scrapy.spidermiddlewares.httperror] INFO: Ignoring response <402 https://api.flightradar24.com/common/v1/flight-playback.json?flightId=380876b7&timestamp=&token=&pk=>: HTTP status code is not handled or not allowed
2024-11-20 01:36:07 [scrapy.spidermiddlewares.httperror] INFO: Ignoring response <402 https://api.flightradar24.com/common/v1/flight-playback.json?flightId=38091ade&timestamp=&token=&pk=>: HTTP status code is not handled or not allowed
2024-11-20 01:36:18 [scrapy.spidermiddlewares.httperror] INFO: Ignoring response <402 https://api.flightradar24.com/common/v1/flight-playback.json?flightId=38092a50&timestamp=&token=&pk=>: HTTP status code is not handled or not allowed
2024-11-20 01:36:26 [scrapy.extensions.logstats] INFO: Crawled 9119 pages (at 99 pages/min), scraped 8594 items (at 87 items/min)
2024-11-20 01:36:29 [scrapy.spidermiddlewares.httperror] INFO: Ignoring response <402 https://api.flightradar24.com/common/v1/flight-playback.json?flightId=380947a8&timestamp=&token=&pk=>: HTTP status code is not handled or not allowed
2024-11-20 01:36:45 [scrapy.spidermiddlewares.httperror] INFO: Ignoring response <402 https://api.flightradar24.com/common/v1/flight-playback.json?flightId=380959ff&timestamp=&token=&pk=>: HTTP status code is not handled or not allowed
2024-11-20 01:37:00 [scrapy.spidermiddlewares.httperror] INFO: Ignoring response <402 https://api.flightradar24.com/common/v1/flight-playback.json?flightId=38097520&timestamp=&token=&pk=>: HTTP status code is not handled or not allowed
2024-11-20 01:37:23 [scrapy.spidermiddlewares.httperror] INFO: Ignoring response <402 https://api.flightradar24.com/common/v1/flight-playback.json?flightId=38098151&timestamp=&token=&pk=>: HTTP status code is not handled or not allowed
2024-11-20 01:37:26 [scrapy.extensions.logstats] INFO: Crawled 9215 pages (at 96 pages/min), scraped 8674 items (at 80 items/min)
2024-11-20 01:37:31 [scrapy.spidermiddlewares.httperror] INFO: Ignoring response <402 https://api.flightradar24.com/common/v1/flight-playback.json?flightId=38094554&timestamp=&token=&pk=>: HTTP status code is not handled or not allowed
2024-11-20 01:37:39 [scrapy.spidermiddlewares.httperror] INFO: Ignoring response <402 https://api.flightradar24.com/common/v1/flight-playback.json?flightId=38099e74&timestamp=&token=&pk=>: HTTP status code is not handled or not allowed
2024-11-20 01:37:49 [scrapy.spidermiddlewares.httperror] INFO: Ignoring response <402 https://api.flightradar24.com/common/v1/flight-playback.json?flightId=380993d4&timestamp=&token=&pk=>: HTTP status code is not handled or not allowed
2024-11-20 01:37:53 [scrapy.spidermiddlewares.httperror] INFO: Ignoring response <402 https://api.flightradar24.com/common/v1/flight-playback.json?flightId=3809429c&timestamp=&token=&pk=>: HTTP status code is not handled or not allowed
2024-11-20 01:38:07 [scrapy.spidermiddlewares.httperror] INFO: Ignoring response <402 https://api.flightradar24.com/common/v1/flight-playback.json?flightId=3809b419&timestamp=&token=&pk=>: HTTP status code is not handled or not allowed
2024-11-20 01:38:20 [scrapy.spidermiddlewares.httperror] INFO: Ignoring response <402 https://api.flightradar24.com/common/v1/flight-playback.json?flightId=3809f904&timestamp=&token=&pk=>: HTTP status code is not handled or not allowed
2024-11-20 01:38:25 [scrapy.spidermiddlewares.httperror] INFO: Ignoring response <402 https://api.flightradar24.com/common/v1/flight-playback.json?flightId=3809b0b7&timestamp=&token=&pk=>: HTTP status code is not handled or not allowed
2024-11-20 01:38:26 [scrapy.extensions.logstats] INFO: Crawled 9315 pages (at 100 pages/min), scraped 8760 items (at 86 items/min)
2024-11-20 01:38:32 [scrapy.spidermiddlewares.httperror] INFO: Ignoring response <402 https://api.flightradar24.com/common/v1/flight-playback.json?flightId=380a0ff2&timestamp=&token=&pk=>: HTTP status code is not handled or not allowed
2024-11-20 01:38:42 [scrapy.spidermiddlewares.httperror] INFO: Ignoring response <402 https://api.flightradar24.com/common/v1/flight-playback.json?flightId=3809c340&timestamp=&token=&pk=>: HTTP status code is not handled or not allowed
2024-11-20 01:38:49 [scrapy.spidermiddlewares.httperror] INFO: Ignoring response <402 https://api.flightradar24.com/common/v1/flight-playback.json?flightId=38071a04&timestamp=&token=&pk=>: HTTP status code is not handled or not allowed
2024-11-20 01:39:04 [scrapy.spidermiddlewares.httperror] INFO: Ignoring response <402 https://api.flightradar24.com/common/v1/flight-playback.json?flightId=380885c6&timestamp=&token=&pk=>: HTTP status code is not handled or not allowed
2024-11-20 01:39:21 [scrapy.spidermiddlewares.httperror] INFO: Ignoring response <402 https://api.flightradar24.com/common/v1/flight-playback.json?flightId=3808b09b&timestamp=&token=&pk=>: HTTP status code is not handled or not allowed
2024-11-20 01:39:26 [scrapy.extensions.logstats] INFO: Crawled 9412 pages (at 97 pages/min), scraped 8850 items (at 90 items/min)
2024-11-20 01:39:29 [scrapy.spidermiddlewares.httperror] INFO: Ignoring response <402 https://api.flightradar24.com/common/v1/flight-playback.json?flightId=3808dc71&timestamp=&token=&pk=>: HTTP status code is not handled or not allowed
2024-11-20 01:39:49 [scrapy.spidermiddlewares.httperror] INFO: Ignoring response <402 https://api.flightradar24.com/common/v1/flight-playback.json?flightId=3808cb33&timestamp=&token=&pk=>: HTTP status code is not handled or not allowed
2024-11-20 01:40:10 [scrapy.spidermiddlewares.httperror] INFO: Ignoring response <402 https://api.flightradar24.com/common/v1/flight-playback.json?flightId=38090ea1&timestamp=&token=&pk=>: HTTP status code is not handled or not allowed
2024-11-20 01:40:21 [scrapy.spidermiddlewares.httperror] INFO: Ignoring response <402 https://api.flightradar24.com/common/v1/flight-playback.json?flightId=3809523b&timestamp=&token=&pk=>: HTTP status code is not handled or not allowed
2024-11-20 01:40:26 [scrapy.extensions.logstats] INFO: Crawled 9510 pages (at 98 pages/min), scraped 8942 items (at 92 items/min)
2024-11-20 01:40:29 [scrapy.spidermiddlewares.httperror] INFO: Ignoring response <402 https://api.flightradar24.com/common/v1/flight-playback.json?flightId=3806c5dc&timestamp=&token=&pk=>: HTTP status code is not handled or not allowed
2024-11-20 01:40:34 [scrapy.spidermiddlewares.httperror] INFO: Ignoring response <402 https://api.flightradar24.com/common/v1/flight-playback.json?flightId=3809c059&timestamp=&token=&pk=>: HTTP status code is not handled or not allowed
2024-11-20 01:40:38 [scrapy.spidermiddlewares.httperror] INFO: Ignoring response <402 https://api.flightradar24.com/common/v1/flight-playback.json?flightId=3809d9b2&timestamp=&token=&pk=>: HTTP status code is not handled or not allowed
2024-11-20 01:40:54 [scrapy.spidermiddlewares.httperror] INFO: Ignoring response <402 https://api.flightradar24.com/common/v1/flight-playback.json?flightId=3809fc74&timestamp=&token=&pk=>: HTTP status code is not handled or not allowed
2024-11-20 01:41:05 [scrapy.spidermiddlewares.httperror] INFO: Ignoring response <402 https://api.flightradar24.com/common/v1/flight-playback.json?flightId=380a1991&timestamp=&token=&pk=>: HTTP status code is not handled or not allowed
2024-11-20 01:41:23 [scrapy.spidermiddlewares.httperror] INFO: Ignoring response <402 https://api.flightradar24.com/common/v1/flight-playback.json?flightId=3809e265&timestamp=&token=&pk=>: HTTP status code is not handled or not allowed
2024-11-20 01:41:26 [scrapy.extensions.logstats] INFO: Crawled 9608 pages (at 98 pages/min), scraped 9028 items (at 86 items/min)
2024-11-20 01:41:41 [scrapy.spidermiddlewares.httperror] INFO: Ignoring response <402 https://api.flightradar24.com/common/v1/flight-playback.json?flightId=380968f6&timestamp=&token=&pk=>: HTTP status code is not handled or not allowed
2024-11-20 01:41:43 [scrapy.spidermiddlewares.httperror] INFO: Ignoring response <402 https://api.flightradar24.com/common/v1/flight-playback.json?flightId=38097552&timestamp=&token=&pk=>: HTTP status code is not handled or not allowed
2024-11-20 01:42:02 [scrapy.spidermiddlewares.httperror] INFO: Ignoring response <402 https://api.flightradar24.com/common/v1/flight-playback.json?flightId=38099b48&timestamp=&token=&pk=>: HTTP status code is not handled or not allowed
2024-11-20 01:42:09 [scrapy.spidermiddlewares.httperror] INFO: Ignoring response <402 https://api.flightradar24.com/common/v1/flight-playback.json?flightId=38092c63&timestamp=&token=&pk=>: HTTP status code is not handled or not allowed
2024-11-20 01:42:21 [scrapy.spidermiddlewares.httperror] INFO: Ignoring response <402 https://api.flightradar24.com/common/v1/flight-playback.json?flightId=3809000c&timestamp=&token=&pk=>: HTTP status code is not handled or not allowed
2024-11-20 01:42:26 [scrapy.extensions.logstats] INFO: Crawled 9707 pages (at 99 pages/min), scraped 9117 items (at 89 items/min)
2024-11-20 01:42:28 [scrapy.spidermiddlewares.httperror] INFO: Ignoring response <402 https://api.flightradar24.com/common/v1/flight-playback.json?flightId=38092bc8&timestamp=&token=&pk=>: HTTP status code is not handled or not allowed
2024-11-20 01:42:38 [scrapy.spidermiddlewares.httperror] INFO: Ignoring response <402 https://api.flightradar24.com/common/v1/flight-playback.json?flightId=3809118b&timestamp=&token=&pk=>: HTTP status code is not handled or not allowed
2024-11-20 01:42:50 [scrapy.spidermiddlewares.httperror] INFO: Ignoring response <402 https://api.flightradar24.com/common/v1/flight-playback.json?flightId=38091c77&timestamp=&token=&pk=>: HTTP status code is not handled or not allowed
2024-11-20 01:42:55 [scrapy.spidermiddlewares.httperror] INFO: Ignoring response <402 https://api.flightradar24.com/common/v1/flight-playback.json?flightId=380946eb&timestamp=&token=&pk=>: HTTP status code is not handled or not allowed
2024-11-20 01:43:26 [scrapy.extensions.logstats] INFO: Crawled 9803 pages (at 96 pages/min), scraped 9202 items (at 85 items/min)
2024-11-20 01:43:29 [scrapy.spidermiddlewares.httperror] INFO: Ignoring response <402 https://api.flightradar24.com/common/v1/flight-playback.json?flightId=3808b36a&timestamp=&token=&pk=>: HTTP status code is not handled or not allowed
2024-11-20 01:43:33 [scrapy.spidermiddlewares.httperror] INFO: Ignoring response <402 https://api.flightradar24.com/common/v1/flight-playback.json?flightId=3808e35f&timestamp=&token=&pk=>: HTTP status code is not handled or not allowed
2024-11-20 01:43:40 [scrapy.spidermiddlewares.httperror] INFO: Ignoring response <402 https://api.flightradar24.com/common/v1/flight-playback.json?flightId=3808fcdf&timestamp=&token=&pk=>: HTTP status code is not handled or not allowed
2024-11-20 01:44:26 [scrapy.extensions.logstats] INFO: Crawled 9904 pages (at 101 pages/min), scraped 9296 items (at 94 items/min)
2024-11-20 01:45:26 [scrapy.extensions.logstats] INFO: Crawled 10001 pages (at 97 pages/min), scraped 9386 items (at 90 items/min)
2024-11-20 01:46:26 [scrapy.extensions.logstats] INFO: Crawled 10100 pages (at 99 pages/min), scraped 9460 items (at 74 items/min)
2024-11-20 01:47:26 [scrapy.extensions.logstats] INFO: Crawled 10201 pages (at 101 pages/min), scraped 9556 items (at 96 items/min)
2024-11-20 01:48:26 [scrapy.extensions.logstats] INFO: Crawled 10299 pages (at 98 pages/min), scraped 9654 items (at 98 items/min)
2024-11-20 01:49:26 [scrapy.extensions.logstats] INFO: Crawled 10397 pages (at 98 pages/min), scraped 9751 items (at 97 items/min)
2024-11-20 01:49:31 [scrapy.core.engine] INFO: Closing spider (finished)
2024-11-20 01:49:31 [scrapy.statscollectors] INFO: Dumping Scrapy stats:
{'downloader/request_bytes': 7413831,
 'downloader/request_count': 10408,
 'downloader/request_method_count/GET': 10408,
 'downloader/response_bytes': 119653712,
 'downloader/response_count': 10408,
 'downloader/response_status_count/200': 10205,
 'downloader/response_status_count/402': 199,
 'downloader/response_status_count/520': 3,
 'downloader/response_status_count/524': 1,
 'dupefilter/filtered': 50,
 'elapsed_time_seconds': 6365.002567,
 'finish_reason': 'finished',
 'finish_time': datetime.datetime(2024, 11, 19, 17, 49, 31, 83836, tzinfo=datetime.timezone.utc),
 'httpcompression/response_bytes': 718925105,
 'httpcompression/response_count': 10205,
 'httperror/response_ignored_count': 202,
 'httperror/response_ignored_status_count/402': 199,
 'httperror/response_ignored_status_count/520': 3,
 'item_scraped_count': 9761,
 'log_count/INFO': 318,
 'memusage/max': 120225792,
 'memusage/startup': 102563840,
 'request_depth_max': 2,
 'response_received_count': 10407,
 'retry/count': 1,
 'retry/reason_count/524 Unknown Status': 1,
 'scheduler/dequeued': 10408,
 'scheduler/dequeued/memory': 10408,
 'scheduler/enqueued': 10408,
 'scheduler/enqueued/memory': 10408,
 'start_time': datetime.datetime(2024, 11, 19, 16, 3, 26, 81269, tzinfo=datetime.timezone.utc)}
2024-11-20 01:49:31 [scrapy.core.engine] INFO: Spider closed (finished)
